{"meta": {"format": 3, "version": "7.13.0", "timestamp": "2025-12-20T01:07:40.526508", "branch_coverage": false, "show_contexts": false}, "files": {"mailgun_mcp/__init__.py": {"executed_lines": [0], "summary": {"covered_lines": 0, "num_statements": 0, "percent_covered": 100.0, "percent_covered_display": "100", "missing_lines": 0, "excluded_lines": 0, "percent_statements_covered": 100.0, "percent_statements_covered_display": "100"}, "missing_lines": [], "excluded_lines": [], "functions": {"": {"executed_lines": [], "summary": {"covered_lines": 0, "num_statements": 0, "percent_covered": 100.0, "percent_covered_display": "100", "missing_lines": 0, "excluded_lines": 0, "percent_statements_covered": 100.0, "percent_statements_covered_display": "100"}, "missing_lines": [], "excluded_lines": []}}, "classes": {"": {"executed_lines": [], "summary": {"covered_lines": 0, "num_statements": 0, "percent_covered": 100.0, "percent_covered_display": "100", "missing_lines": 0, "excluded_lines": 0, "percent_statements_covered": 100.0, "percent_statements_covered_display": "100"}, "missing_lines": [], "excluded_lines": []}}}, "mailgun_mcp/main.py": {"executed_lines": [1, 2, 3, 4, 6, 7, 8, 11, 12, 14, 15, 16, 17, 19, 20, 21, 28, 32, 37, 40, 41, 43, 48, 49, 50, 51, 52, 54, 55, 56, 63, 69, 72, 77, 80, 95, 99, 103, 121, 164, 168, 169, 184, 186, 198, 233, 252, 260, 261, 262, 265, 266, 286, 288, 290, 291, 292, 293, 294, 295, 296, 298, 299, 305, 320, 321, 325, 328, 333, 346, 347, 355, 363, 364, 365, 366, 367, 368, 369, 371, 373, 377, 385, 388, 389, 398, 403, 405, 406, 413, 415, 422, 423, 433, 438, 440, 441, 465, 470, 479, 487, 492, 493, 494, 495, 496, 498, 501, 508, 509, 519, 522, 549, 554, 581, 586, 596, 604, 606, 608, 610, 612, 615, 622, 623, 633, 638, 647, 655, 657, 659, 661, 664, 671, 672, 682, 685, 689, 697, 699, 706, 707, 717, 722, 726, 734, 738, 739, 740, 743, 750, 751, 761, 766, 768, 776, 782, 783, 793, 798, 830, 835, 867, 872, 899, 904, 936, 941, 973, 978, 1010, 1011, 1013, 1021, 1023, 1030, 1031, 1041, 1046, 1073, 1076, 1080, 1088, 1094, 1097, 1104, 1105, 1115, 1120, 1165, 1168, 1195, 1200, 1204, 1212, 1214, 1221, 1222, 1232, 1237, 1264, 1269, 1277, 1285, 1291, 1293, 1296, 1303, 1304, 1314, 1319, 1370, 1375, 1402, 1405, 1407, 1415, 1421, 1422, 1432, 1437, 1464, 1469, 1471, 1479, 1481, 1488, 1489, 1499, 1504, 1532], "summary": {"covered_lines": 230, "num_statements": 499, "percent_covered": 46.09218436873748, "percent_covered_display": "46", "missing_lines": 269, "excluded_lines": 0, "percent_statements_covered": 46.09218436873748, "percent_statements_covered_display": "46"}, "missing_lines": [22, 23, 24, 25, 26, 30, 33, 44, 45, 57, 58, 59, 60, 81, 82, 83, 85, 87, 88, 90, 91, 92, 96, 100, 108, 109, 110, 112, 113, 116, 117, 118, 130, 133, 134, 135, 136, 137, 140, 141, 142, 143, 145, 148, 149, 150, 151, 152, 153, 156, 157, 158, 159, 165, 192, 193, 194, 195, 200, 201, 203, 206, 208, 209, 210, 211, 213, 217, 218, 219, 221, 222, 224, 225, 226, 227, 228, 230, 237, 239, 240, 241, 242, 243, 244, 245, 246, 248, 249, 269, 270, 271, 274, 275, 278, 279, 282, 283, 297, 302, 322, 370, 372, 374, 424, 448, 454, 455, 456, 480, 497, 499, 510, 524, 525, 532, 538, 539, 540, 556, 557, 564, 570, 571, 572, 597, 607, 609, 611, 613, 624, 648, 658, 660, 662, 673, 690, 708, 727, 741, 752, 769, 784, 802, 803, 810, 812, 819, 820, 821, 837, 838, 845, 849, 856, 857, 858, 874, 875, 882, 888, 889, 890, 908, 909, 916, 918, 925, 926, 927, 945, 946, 953, 955, 962, 963, 964, 982, 983, 990, 992, 999, 1000, 1001, 1014, 1032, 1048, 1049, 1056, 1062, 1063, 1064, 1081, 1095, 1106, 1128, 1129, 1136, 1138, 1139, 1140, 1141, 1142, 1143, 1144, 1145, 1147, 1154, 1155, 1156, 1170, 1171, 1178, 1184, 1185, 1186, 1205, 1223, 1239, 1240, 1247, 1253, 1254, 1255, 1278, 1292, 1294, 1305, 1329, 1330, 1337, 1339, 1340, 1341, 1342, 1343, 1344, 1345, 1346, 1347, 1348, 1349, 1350, 1352, 1359, 1360, 1361, 1377, 1378, 1385, 1391, 1392, 1393, 1408, 1423, 1439, 1440, 1447, 1453, 1454, 1455, 1472, 1490, 1506, 1507, 1514, 1520, 1521, 1522], "excluded_lines": [], "functions": {"BasicAuth.__init__": {"executed_lines": [15, 16, 17], "summary": {"covered_lines": 3, "num_statements": 3, "percent_covered": 100.0, "percent_covered_display": "100", "missing_lines": 0, "excluded_lines": 0, "percent_statements_covered": 100.0, "percent_statements_covered_display": "100"}, "missing_lines": [], "excluded_lines": []}, "BasicAuth.__eq__": {"executed_lines": [20, 21], "summary": {"covered_lines": 2, "num_statements": 7, "percent_covered": 28.571428571428573, "percent_covered_display": "29", "missing_lines": 5, "excluded_lines": 0, "percent_statements_covered": 28.571428571428573, "percent_statements_covered_display": "29"}, "missing_lines": [22, 23, 24, 25, 26], "excluded_lines": []}, "BasicAuth.__getattr__": {"executed_lines": [], "summary": {"covered_lines": 0, "num_statements": 1, "percent_covered": 0.0, "percent_covered_display": "0", "missing_lines": 1, "excluded_lines": 0, "percent_statements_covered": 0.0, "percent_statements_covered_display": "0"}, "missing_lines": [30], "excluded_lines": []}, "BasicAuth.__repr__": {"executed_lines": [], "summary": {"covered_lines": 0, "num_statements": 1, "percent_covered": 0.0, "percent_covered_display": "0", "missing_lines": 1, "excluded_lines": 0, "percent_statements_covered": 0.0, "percent_statements_covered_display": "0"}, "missing_lines": [33], "excluded_lines": []}, "_get_requests_adapter": {"executed_lines": [], "summary": {"covered_lines": 0, "num_statements": 9, "percent_covered": 0.0, "percent_covered_display": "0", "missing_lines": 9, "excluded_lines": 0, "percent_statements_covered": 0.0, "percent_statements_covered_display": "0"}, "missing_lines": [81, 82, 83, 85, 87, 88, 90, 91, 92], "excluded_lines": []}, "get_mailgun_api_key": {"executed_lines": [], "summary": {"covered_lines": 0, "num_statements": 1, "percent_covered": 0.0, "percent_covered_display": "0", "missing_lines": 1, "excluded_lines": 0, "percent_statements_covered": 0.0, "percent_statements_covered_display": "0"}, "missing_lines": [96], "excluded_lines": []}, "get_mailgun_domain": {"executed_lines": [], "summary": {"covered_lines": 0, "num_statements": 1, "percent_covered": 0.0, "percent_covered_display": "0", "missing_lines": 1, "excluded_lines": 0, "percent_statements_covered": 0.0, "percent_statements_covered_display": "0"}, "missing_lines": [100], "excluded_lines": []}, "get_masked_api_key": {"executed_lines": [], "summary": {"covered_lines": 0, "num_statements": 8, "percent_covered": 0.0, "percent_covered_display": "0", "missing_lines": 8, "excluded_lines": 0, "percent_statements_covered": 0.0, "percent_statements_covered_display": "0"}, "missing_lines": [108, 109, 110, 112, 113, 116, 117, 118], "excluded_lines": []}, "validate_api_key_at_startup": {"executed_lines": [], "summary": {"covered_lines": 0, "num_statements": 21, "percent_covered": 0.0, "percent_covered_display": "0", "missing_lines": 21, "excluded_lines": 0, "percent_statements_covered": 0.0, "percent_statements_covered_display": "0"}, "missing_lines": [130, 133, 134, 135, 136, 137, 140, 141, 142, 143, 145, 148, 149, 150, 151, 152, 153, 156, 157, 158, 159], "excluded_lines": []}, "_normalize_auth_for_provider": {"executed_lines": [], "summary": {"covered_lines": 0, "num_statements": 20, "percent_covered": 0.0, "percent_covered_display": "0", "missing_lines": 20, "excluded_lines": 0, "percent_statements_covered": 0.0, "percent_statements_covered_display": "0"}, "missing_lines": [200, 201, 203, 206, 208, 209, 210, 211, 213, 217, 218, 219, 221, 222, 224, 225, 226, 227, 228, 230], "excluded_lines": []}, "_make_request_with_adapter": {"executed_lines": [], "summary": {"covered_lines": 0, "num_statements": 11, "percent_covered": 0.0, "percent_covered_display": "0", "missing_lines": 11, "excluded_lines": 0, "percent_statements_covered": 0.0, "percent_statements_covered_display": "0"}, "missing_lines": [237, 239, 240, 241, 242, 243, 244, 245, 246, 248, 249], "excluded_lines": []}, "_try_acb_adapter_request": {"executed_lines": [260, 261, 262, 265, 266], "summary": {"covered_lines": 5, "num_statements": 14, "percent_covered": 35.714285714285715, "percent_covered_display": "36", "missing_lines": 9, "excluded_lines": 0, "percent_statements_covered": 35.714285714285715, "percent_statements_covered_display": "36"}, "missing_lines": [269, 270, 271, 274, 275, 278, 279, 282, 283], "excluded_lines": []}, "_make_httpx_request": {"executed_lines": [288, 290, 291, 292, 293, 294, 295, 296, 298, 299], "summary": {"covered_lines": 10, "num_statements": 12, "percent_covered": 83.33333333333333, "percent_covered_display": "83", "missing_lines": 2, "excluded_lines": 0, "percent_statements_covered": 83.33333333333333, "percent_statements_covered_display": "83"}, "missing_lines": [297, 302], "excluded_lines": []}, "_http_request": {"executed_lines": [320, 321, 325], "summary": {"covered_lines": 3, "num_statements": 4, "percent_covered": 75.0, "percent_covered_display": "75", "missing_lines": 1, "excluded_lines": 0, "percent_statements_covered": 75.0, "percent_statements_covered_display": "75"}, "missing_lines": [322], "excluded_lines": []}, "send_message": {"executed_lines": [346, 347, 355, 363, 364, 365, 366, 367, 368, 369, 371, 373, 377, 385, 388, 389], "summary": {"covered_lines": 16, "num_statements": 19, "percent_covered": 84.21052631578948, "percent_covered_display": "84", "missing_lines": 3, "excluded_lines": 0, "percent_statements_covered": 84.21052631578948, "percent_statements_covered_display": "84"}, "missing_lines": [370, 372, 374], "excluded_lines": []}, "get_domains": {"executed_lines": [405, 406, 413, 415, 422, 423], "summary": {"covered_lines": 6, "num_statements": 7, "percent_covered": 85.71428571428571, "percent_covered_display": "86", "missing_lines": 1, "excluded_lines": 0, "percent_statements_covered": 85.71428571428571, "percent_statements_covered_display": "86"}, "missing_lines": [424], "excluded_lines": []}, "get_domain": {"executed_lines": [440, 441], "summary": {"covered_lines": 2, "num_statements": 6, "percent_covered": 33.333333333333336, "percent_covered_display": "33", "missing_lines": 4, "excluded_lines": 0, "percent_statements_covered": 33.333333333333336, "percent_statements_covered_display": "33"}, "missing_lines": [448, 454, 455, 456], "excluded_lines": []}, "create_domain": {"executed_lines": [479, 487, 492, 493, 494, 495, 496, 498, 501, 508, 509], "summary": {"covered_lines": 11, "num_statements": 15, "percent_covered": 73.33333333333333, "percent_covered_display": "73", "missing_lines": 4, "excluded_lines": 0, "percent_statements_covered": 73.33333333333333, "percent_statements_covered_display": "73"}, "missing_lines": [480, 497, 499, 510], "excluded_lines": []}, "delete_domain": {"executed_lines": [], "summary": {"covered_lines": 0, "num_statements": 6, "percent_covered": 0.0, "percent_covered_display": "0", "missing_lines": 6, "excluded_lines": 0, "percent_statements_covered": 0.0, "percent_statements_covered_display": "0"}, "missing_lines": [524, 525, 532, 538, 539, 540], "excluded_lines": []}, "verify_domain": {"executed_lines": [], "summary": {"covered_lines": 0, "num_statements": 6, "percent_covered": 0.0, "percent_covered_display": "0", "missing_lines": 6, "excluded_lines": 0, "percent_statements_covered": 0.0, "percent_statements_covered_display": "0"}, "missing_lines": [556, 557, 564, 570, 571, 572], "excluded_lines": []}, "get_events": {"executed_lines": [596, 604, 606, 608, 610, 612, 615, 622, 623], "summary": {"covered_lines": 9, "num_statements": 15, "percent_covered": 60.0, "percent_covered_display": "60", "missing_lines": 6, "excluded_lines": 0, "percent_statements_covered": 60.0, "percent_statements_covered_display": "60"}, "missing_lines": [597, 607, 609, 611, 613, 624], "excluded_lines": []}, "get_stats": {"executed_lines": [647, 655, 657, 659, 661, 664, 671, 672], "summary": {"covered_lines": 8, "num_statements": 13, "percent_covered": 61.53846153846154, "percent_covered_display": "62", "missing_lines": 5, "excluded_lines": 0, "percent_statements_covered": 61.53846153846154, "percent_statements_covered_display": "62"}, "missing_lines": [648, 658, 660, 662, 673], "excluded_lines": []}, "get_bounces": {"executed_lines": [689, 697, 699, 706, 707], "summary": {"covered_lines": 5, "num_statements": 7, "percent_covered": 71.42857142857143, "percent_covered_display": "71", "missing_lines": 2, "excluded_lines": 0, "percent_statements_covered": 71.42857142857143, "percent_statements_covered_display": "71"}, "missing_lines": [690, 708], "excluded_lines": []}, "add_bounce": {"executed_lines": [726, 734, 738, 739, 740, 743, 750, 751], "summary": {"covered_lines": 8, "num_statements": 11, "percent_covered": 72.72727272727273, "percent_covered_display": "73", "missing_lines": 3, "excluded_lines": 0, "percent_statements_covered": 72.72727272727273, "percent_statements_covered_display": "73"}, "missing_lines": [727, 741, 752], "excluded_lines": []}, "delete_bounce": {"executed_lines": [768, 776, 782, 783], "summary": {"covered_lines": 4, "num_statements": 6, "percent_covered": 66.66666666666667, "percent_covered_display": "67", "missing_lines": 2, "excluded_lines": 0, "percent_statements_covered": 66.66666666666667, "percent_statements_covered_display": "67"}, "missing_lines": [769, 784], "excluded_lines": []}, "get_complaints": {"executed_lines": [], "summary": {"covered_lines": 0, "num_statements": 7, "percent_covered": 0.0, "percent_covered_display": "0", "missing_lines": 7, "excluded_lines": 0, "percent_statements_covered": 0.0, "percent_statements_covered_display": "0"}, "missing_lines": [802, 803, 810, 812, 819, 820, 821], "excluded_lines": []}, "add_complaint": {"executed_lines": [], "summary": {"covered_lines": 0, "num_statements": 7, "percent_covered": 0.0, "percent_covered_display": "0", "missing_lines": 7, "excluded_lines": 0, "percent_statements_covered": 0.0, "percent_statements_covered_display": "0"}, "missing_lines": [837, 838, 845, 849, 856, 857, 858], "excluded_lines": []}, "delete_complaint": {"executed_lines": [], "summary": {"covered_lines": 0, "num_statements": 6, "percent_covered": 0.0, "percent_covered_display": "0", "missing_lines": 6, "excluded_lines": 0, "percent_statements_covered": 0.0, "percent_statements_covered_display": "0"}, "missing_lines": [874, 875, 882, 888, 889, 890], "excluded_lines": []}, "get_unsubscribes": {"executed_lines": [], "summary": {"covered_lines": 0, "num_statements": 7, "percent_covered": 0.0, "percent_covered_display": "0", "missing_lines": 7, "excluded_lines": 0, "percent_statements_covered": 0.0, "percent_statements_covered_display": "0"}, "missing_lines": [908, 909, 916, 918, 925, 926, 927], "excluded_lines": []}, "add_unsubscribe": {"executed_lines": [], "summary": {"covered_lines": 0, "num_statements": 7, "percent_covered": 0.0, "percent_covered_display": "0", "missing_lines": 7, "excluded_lines": 0, "percent_statements_covered": 0.0, "percent_statements_covered_display": "0"}, "missing_lines": [945, 946, 953, 955, 962, 963, 964], "excluded_lines": []}, "delete_unsubscribe": {"executed_lines": [], "summary": {"covered_lines": 0, "num_statements": 7, "percent_covered": 0.0, "percent_covered_display": "0", "missing_lines": 7, "excluded_lines": 0, "percent_statements_covered": 0.0, "percent_statements_covered_display": "0"}, "missing_lines": [982, 983, 990, 992, 999, 1000, 1001], "excluded_lines": []}, "get_routes": {"executed_lines": [1013, 1021, 1023, 1030, 1031], "summary": {"covered_lines": 5, "num_statements": 7, "percent_covered": 71.42857142857143, "percent_covered_display": "71", "missing_lines": 2, "excluded_lines": 0, "percent_statements_covered": 71.42857142857143, "percent_statements_covered_display": "71"}, "missing_lines": [1014, 1032], "excluded_lines": []}, "get_route": {"executed_lines": [], "summary": {"covered_lines": 0, "num_statements": 6, "percent_covered": 0.0, "percent_covered_display": "0", "missing_lines": 6, "excluded_lines": 0, "percent_statements_covered": 0.0, "percent_statements_covered_display": "0"}, "missing_lines": [1048, 1049, 1056, 1062, 1063, 1064], "excluded_lines": []}, "create_route": {"executed_lines": [1080, 1088, 1094, 1097, 1104, 1105], "summary": {"covered_lines": 6, "num_statements": 9, "percent_covered": 66.66666666666667, "percent_covered_display": "67", "missing_lines": 3, "excluded_lines": 0, "percent_statements_covered": 66.66666666666667, "percent_statements_covered_display": "67"}, "missing_lines": [1081, 1095, 1106], "excluded_lines": []}, "update_route": {"executed_lines": [], "summary": {"covered_lines": 0, "num_statements": 15, "percent_covered": 0.0, "percent_covered_display": "0", "missing_lines": 15, "excluded_lines": 0, "percent_statements_covered": 0.0, "percent_statements_covered_display": "0"}, "missing_lines": [1128, 1129, 1136, 1138, 1139, 1140, 1141, 1142, 1143, 1144, 1145, 1147, 1154, 1155, 1156], "excluded_lines": []}, "delete_route": {"executed_lines": [], "summary": {"covered_lines": 0, "num_statements": 6, "percent_covered": 0.0, "percent_covered_display": "0", "missing_lines": 6, "excluded_lines": 0, "percent_statements_covered": 0.0, "percent_statements_covered_display": "0"}, "missing_lines": [1170, 1171, 1178, 1184, 1185, 1186], "excluded_lines": []}, "get_templates": {"executed_lines": [1204, 1212, 1214, 1221, 1222], "summary": {"covered_lines": 5, "num_statements": 7, "percent_covered": 71.42857142857143, "percent_covered_display": "71", "missing_lines": 2, "excluded_lines": 0, "percent_statements_covered": 71.42857142857143, "percent_statements_covered_display": "71"}, "missing_lines": [1205, 1223], "excluded_lines": []}, "get_template": {"executed_lines": [], "summary": {"covered_lines": 0, "num_statements": 6, "percent_covered": 0.0, "percent_covered_display": "0", "missing_lines": 6, "excluded_lines": 0, "percent_statements_covered": 0.0, "percent_statements_covered_display": "0"}, "missing_lines": [1239, 1240, 1247, 1253, 1254, 1255], "excluded_lines": []}, "create_template": {"executed_lines": [1277, 1285, 1291, 1293, 1296, 1303, 1304], "summary": {"covered_lines": 7, "num_statements": 11, "percent_covered": 63.63636363636363, "percent_covered_display": "64", "missing_lines": 4, "excluded_lines": 0, "percent_statements_covered": 63.63636363636363, "percent_statements_covered_display": "64"}, "missing_lines": [1278, 1292, 1294, 1305], "excluded_lines": []}, "update_template": {"executed_lines": [], "summary": {"covered_lines": 0, "num_statements": 19, "percent_covered": 0.0, "percent_covered_display": "0", "missing_lines": 19, "excluded_lines": 0, "percent_statements_covered": 0.0, "percent_statements_covered_display": "0"}, "missing_lines": [1329, 1330, 1337, 1339, 1340, 1341, 1342, 1343, 1344, 1345, 1346, 1347, 1348, 1349, 1350, 1352, 1359, 1360, 1361], "excluded_lines": []}, "delete_template": {"executed_lines": [], "summary": {"covered_lines": 0, "num_statements": 6, "percent_covered": 0.0, "percent_covered_display": "0", "missing_lines": 6, "excluded_lines": 0, "percent_statements_covered": 0.0, "percent_statements_covered_display": "0"}, "missing_lines": [1377, 1378, 1385, 1391, 1392, 1393], "excluded_lines": []}, "get_webhooks": {"executed_lines": [1407, 1415, 1421, 1422], "summary": {"covered_lines": 4, "num_statements": 6, "percent_covered": 66.66666666666667, "percent_covered_display": "67", "missing_lines": 2, "excluded_lines": 0, "percent_statements_covered": 66.66666666666667, "percent_statements_covered_display": "67"}, "missing_lines": [1408, 1423], "excluded_lines": []}, "get_webhook": {"executed_lines": [], "summary": {"covered_lines": 0, "num_statements": 6, "percent_covered": 0.0, "percent_covered_display": "0", "missing_lines": 6, "excluded_lines": 0, "percent_statements_covered": 0.0, "percent_statements_covered_display": "0"}, "missing_lines": [1439, 1440, 1447, 1453, 1454, 1455], "excluded_lines": []}, "create_webhook": {"executed_lines": [1471, 1479, 1481, 1488, 1489], "summary": {"covered_lines": 5, "num_statements": 7, "percent_covered": 71.42857142857143, "percent_covered_display": "71", "missing_lines": 2, "excluded_lines": 0, "percent_statements_covered": 71.42857142857143, "percent_statements_covered_display": "71"}, "missing_lines": [1472, 1490], "excluded_lines": []}, "delete_webhook": {"executed_lines": [], "summary": {"covered_lines": 0, "num_statements": 6, "percent_covered": 0.0, "percent_covered_display": "0", "missing_lines": 6, "excluded_lines": 0, "percent_statements_covered": 0.0, "percent_statements_covered_display": "0"}, "missing_lines": [1506, 1507, 1514, 1520, 1521, 1522], "excluded_lines": []}, "": {"executed_lines": [1, 2, 3, 4, 6, 7, 8, 11, 12, 14, 19, 28, 32, 37, 40, 41, 43, 48, 49, 50, 51, 52, 54, 55, 56, 63, 69, 72, 77, 80, 95, 99, 103, 121, 164, 168, 169, 184, 186, 198, 233, 252, 286, 305, 328, 333, 398, 403, 433, 438, 465, 470, 519, 522, 549, 554, 581, 586, 633, 638, 682, 685, 717, 722, 761, 766, 793, 798, 830, 835, 867, 872, 899, 904, 936, 941, 973, 978, 1010, 1011, 1041, 1046, 1073, 1076, 1115, 1120, 1165, 1168, 1195, 1200, 1232, 1237, 1264, 1269, 1314, 1319, 1370, 1375, 1402, 1405, 1432, 1437, 1464, 1469, 1499, 1504, 1532], "summary": {"covered_lines": 106, "num_statements": 117, "percent_covered": 90.5982905982906, "percent_covered_display": "91", "missing_lines": 11, "excluded_lines": 0, "percent_statements_covered": 90.5982905982906, "percent_statements_covered_display": "91"}, "missing_lines": [44, 45, 57, 58, 59, 60, 165, 192, 193, 194, 195], "excluded_lines": []}}, "classes": {"BasicAuth": {"executed_lines": [15, 16, 17, 20, 21], "summary": {"covered_lines": 5, "num_statements": 12, "percent_covered": 41.666666666666664, "percent_covered_display": "42", "missing_lines": 7, "excluded_lines": 0, "percent_statements_covered": 41.666666666666664, "percent_statements_covered_display": "42"}, "missing_lines": [22, 23, 24, 25, 26, 30, 33], "excluded_lines": []}, "": {"executed_lines": [1, 2, 3, 4, 6, 7, 8, 11, 12, 14, 19, 28, 32, 37, 40, 41, 43, 48, 49, 50, 51, 52, 54, 55, 56, 63, 69, 72, 77, 80, 95, 99, 103, 121, 164, 168, 169, 184, 186, 198, 233, 252, 260, 261, 262, 265, 266, 286, 288, 290, 291, 292, 293, 294, 295, 296, 298, 299, 305, 320, 321, 325, 328, 333, 346, 347, 355, 363, 364, 365, 366, 367, 368, 369, 371, 373, 377, 385, 388, 389, 398, 403, 405, 406, 413, 415, 422, 423, 433, 438, 440, 441, 465, 470, 479, 487, 492, 493, 494, 495, 496, 498, 501, 508, 509, 519, 522, 549, 554, 581, 586, 596, 604, 606, 608, 610, 612, 615, 622, 623, 633, 638, 647, 655, 657, 659, 661, 664, 671, 672, 682, 685, 689, 697, 699, 706, 707, 717, 722, 726, 734, 738, 739, 740, 743, 750, 751, 761, 766, 768, 776, 782, 783, 793, 798, 830, 835, 867, 872, 899, 904, 936, 941, 973, 978, 1010, 1011, 1013, 1021, 1023, 1030, 1031, 1041, 1046, 1073, 1076, 1080, 1088, 1094, 1097, 1104, 1105, 1115, 1120, 1165, 1168, 1195, 1200, 1204, 1212, 1214, 1221, 1222, 1232, 1237, 1264, 1269, 1277, 1285, 1291, 1293, 1296, 1303, 1304, 1314, 1319, 1370, 1375, 1402, 1405, 1407, 1415, 1421, 1422, 1432, 1437, 1464, 1469, 1471, 1479, 1481, 1488, 1489, 1499, 1504, 1532], "summary": {"covered_lines": 225, "num_statements": 487, "percent_covered": 46.20123203285421, "percent_covered_display": "46", "missing_lines": 262, "excluded_lines": 0, "percent_statements_covered": 46.20123203285421, "percent_statements_covered_display": "46"}, "missing_lines": [44, 45, 57, 58, 59, 60, 81, 82, 83, 85, 87, 88, 90, 91, 92, 96, 100, 108, 109, 110, 112, 113, 116, 117, 118, 130, 133, 134, 135, 136, 137, 140, 141, 142, 143, 145, 148, 149, 150, 151, 152, 153, 156, 157, 158, 159, 165, 192, 193, 194, 195, 200, 201, 203, 206, 208, 209, 210, 211, 213, 217, 218, 219, 221, 222, 224, 225, 226, 227, 228, 230, 237, 239, 240, 241, 242, 243, 244, 245, 246, 248, 249, 269, 270, 271, 274, 275, 278, 279, 282, 283, 297, 302, 322, 370, 372, 374, 424, 448, 454, 455, 456, 480, 497, 499, 510, 524, 525, 532, 538, 539, 540, 556, 557, 564, 570, 571, 572, 597, 607, 609, 611, 613, 624, 648, 658, 660, 662, 673, 690, 708, 727, 741, 752, 769, 784, 802, 803, 810, 812, 819, 820, 821, 837, 838, 845, 849, 856, 857, 858, 874, 875, 882, 888, 889, 890, 908, 909, 916, 918, 925, 926, 927, 945, 946, 953, 955, 962, 963, 964, 982, 983, 990, 992, 999, 1000, 1001, 1014, 1032, 1048, 1049, 1056, 1062, 1063, 1064, 1081, 1095, 1106, 1128, 1129, 1136, 1138, 1139, 1140, 1141, 1142, 1143, 1144, 1145, 1147, 1154, 1155, 1156, 1170, 1171, 1178, 1184, 1185, 1186, 1205, 1223, 1239, 1240, 1247, 1253, 1254, 1255, 1278, 1292, 1294, 1305, 1329, 1330, 1337, 1339, 1340, 1341, 1342, 1343, 1344, 1345, 1346, 1347, 1348, 1349, 1350, 1352, 1359, 1360, 1361, 1377, 1378, 1385, 1391, 1392, 1393, 1408, 1423, 1439, 1440, 1447, 1453, 1454, 1455, 1472, 1490, 1506, 1507, 1514, 1520, 1521, 1522], "excluded_lines": []}}}}, "totals": {"covered_lines": 230, "num_statements": 499, "percent_covered": 46.09218436873748, "percent_covered_display": "46", "missing_lines": 269, "excluded_lines": 0, "percent_statements_covered": 46.09218436873748, "percent_statements_covered_display": "46"}}