{"meta": {"format": 3, "version": "7.13.1", "timestamp": "2026-01-05T11:35:17.466634", "branch_coverage": false, "show_contexts": false}, "files": {"mailgun_mcp/__init__.py": {"executed_lines": [], "summary": {"covered_lines": 0, "num_statements": 0, "percent_covered": 100.0, "percent_covered_display": "100", "missing_lines": 0, "excluded_lines": 0, "percent_statements_covered": 100.0, "percent_statements_covered_display": "100"}, "missing_lines": [], "excluded_lines": [], "functions": {"": {"executed_lines": [], "summary": {"covered_lines": 0, "num_statements": 0, "percent_covered": 100.0, "percent_covered_display": "100", "missing_lines": 0, "excluded_lines": 0, "percent_statements_covered": 100.0, "percent_statements_covered_display": "100"}, "missing_lines": [], "excluded_lines": [], "start_line": 1}}, "classes": {"": {"executed_lines": [], "summary": {"covered_lines": 0, "num_statements": 0, "percent_covered": 100.0, "percent_covered_display": "100", "missing_lines": 0, "excluded_lines": 0, "percent_statements_covered": 100.0, "percent_statements_covered_display": "100"}, "missing_lines": [], "excluded_lines": [], "start_line": 1}}}, "mailgun_mcp/__main__.py": {"executed_lines": [4, 6, 7, 8, 9, 12, 15, 18, 19, 20, 22, 23, 24, 27, 30, 31, 32, 35, 40, 41, 42, 44, 66, 76, 79, 82, 88, 99, 101, 105, 112, 126], "summary": {"covered_lines": 32, "num_statements": 47, "percent_covered": 68.08510638297872, "percent_covered_display": "68", "missing_lines": 15, "excluded_lines": 0, "percent_statements_covered": 68.08510638297872, "percent_statements_covered_display": "68"}, "missing_lines": [47, 50, 53, 62, 63, 64, 69, 72, 74, 103, 107, 109, 116, 123, 127], "excluded_lines": [], "functions": {"MailgunMCPServer.__init__": {"executed_lines": [31, 32, 35, 40, 41, 42], "summary": {"covered_lines": 6, "num_statements": 6, "percent_covered": 100.0, "percent_covered_display": "100", "missing_lines": 0, "excluded_lines": 0, "percent_statements_covered": 100.0, "percent_statements_covered_display": "100"}, "missing_lines": [], "excluded_lines": [], "start_line": 30}, "MailgunMCPServer.startup": {"executed_lines": [], "summary": {"covered_lines": 0, "num_statements": 6, "percent_covered": 0.0, "percent_covered_display": "0", "missing_lines": 6, "excluded_lines": 0, "percent_statements_covered": 0.0, "percent_statements_covered_display": "0"}, "missing_lines": [47, 50, 53, 62, 63, 64], "excluded_lines": [], "start_line": 44}, "MailgunMCPServer.shutdown": {"executed_lines": [], "summary": {"covered_lines": 0, "num_statements": 3, "percent_covered": 0.0, "percent_covered_display": "0", "missing_lines": 3, "excluded_lines": 0, "percent_statements_covered": 0.0, "percent_statements_covered_display": "0"}, "missing_lines": [69, 72, 74], "excluded_lines": [], "start_line": 66}, "MailgunMCPServer.health_check": {"executed_lines": [79, 82, 88, 99], "summary": {"covered_lines": 4, "num_statements": 4, "percent_covered": 100.0, "percent_covered_display": "100", "missing_lines": 0, "excluded_lines": 0, "percent_statements_covered": 100.0, "percent_statements_covered_display": "100"}, "missing_lines": [], "excluded_lines": [], "start_line": 76}, "MailgunMCPServer.get_app": {"executed_lines": [], "summary": {"covered_lines": 0, "num_statements": 1, "percent_covered": 0.0, "percent_covered_display": "0", "missing_lines": 1, "excluded_lines": 0, "percent_statements_covered": 0.0, "percent_statements_covered_display": "0"}, "missing_lines": [103], "excluded_lines": [], "start_line": 101}, "MailgunMCPServer._get_timestamp": {"executed_lines": [], "summary": {"covered_lines": 0, "num_statements": 2, "percent_covered": 0.0, "percent_covered_display": "0", "missing_lines": 2, "excluded_lines": 0, "percent_statements_covered": 0.0, "percent_statements_covered_display": "0"}, "missing_lines": [107, 109], "excluded_lines": [], "start_line": 105}, "main": {"executed_lines": [], "summary": {"covered_lines": 0, "num_statements": 2, "percent_covered": 0.0, "percent_covered_display": "0", "missing_lines": 2, "excluded_lines": 0, "percent_statements_covered": 0.0, "percent_statements_covered_display": "0"}, "missing_lines": [116, 123], "excluded_lines": [], "start_line": 112}, "": {"executed_lines": [4, 6, 7, 8, 9, 12, 15, 18, 19, 20, 22, 23, 24, 27, 30, 44, 66, 76, 101, 105, 112, 126], "summary": {"covered_lines": 22, "num_statements": 23, "percent_covered": 95.65217391304348, "percent_covered_display": "96", "missing_lines": 1, "excluded_lines": 0, "percent_statements_covered": 95.65217391304348, "percent_statements_covered_display": "96"}, "missing_lines": [127], "excluded_lines": [], "start_line": 1}}, "classes": {"MailgunConfig": {"executed_lines": [], "summary": {"covered_lines": 0, "num_statements": 0, "percent_covered": 100.0, "percent_covered_display": "100", "missing_lines": 0, "excluded_lines": 0, "percent_statements_covered": 100.0, "percent_statements_covered_display": "100"}, "missing_lines": [], "excluded_lines": [], "start_line": 15}, "MailgunConfig.Config": {"executed_lines": [], "summary": {"covered_lines": 0, "num_statements": 0, "percent_covered": 100.0, "percent_covered_display": "100", "missing_lines": 0, "excluded_lines": 0, "percent_statements_covered": 100.0, "percent_statements_covered_display": "100"}, "missing_lines": [], "excluded_lines": [], "start_line": 22}, "MailgunMCPServer": {"executed_lines": [31, 32, 35, 40, 41, 42, 79, 82, 88, 99], "summary": {"covered_lines": 10, "num_statements": 22, "percent_covered": 45.45454545454545, "percent_covered_display": "45", "missing_lines": 12, "excluded_lines": 0, "percent_statements_covered": 45.45454545454545, "percent_statements_covered_display": "45"}, "missing_lines": [47, 50, 53, 62, 63, 64, 69, 72, 74, 103, 107, 109], "excluded_lines": [], "start_line": 27}, "": {"executed_lines": [4, 6, 7, 8, 9, 12, 15, 18, 19, 20, 22, 23, 24, 27, 30, 44, 66, 76, 101, 105, 112, 126], "summary": {"covered_lines": 22, "num_statements": 25, "percent_covered": 88.0, "percent_covered_display": "88", "missing_lines": 3, "excluded_lines": 0, "percent_statements_covered": 88.0, "percent_statements_covered_display": "88"}, "missing_lines": [116, 123, 127], "excluded_lines": [], "start_line": 1}}}, "mailgun_mcp/main.py": {"executed_lines": [1, 2, 3, 4, 6, 7, 8, 11, 14, 15, 16, 17, 19, 20, 21, 22, 23, 24, 25, 28, 32, 33, 37, 40, 41, 43, 49, 50, 53, 59, 62, 67, 70, 75, 76, 79, 80, 83, 98, 107, 110, 111, 112, 113, 114, 117, 118, 119, 120, 125, 129, 130, 131, 132, 135, 137, 138, 140, 143, 145, 146, 147, 148, 150, 154, 155, 156, 158, 159, 161, 162, 163, 164, 165, 166, 167, 169, 172, 185, 187, 188, 189, 190, 191, 192, 193, 194, 195, 196, 199, 202, 207, 220, 221, 229, 237, 238, 239, 240, 241, 242, 243, 244, 245, 246, 247, 248, 251, 259, 262, 263, 272, 277, 279, 280, 287, 289, 296, 297, 307, 312, 314, 315, 322, 328, 329, 339, 344, 353, 361, 366, 367, 368, 369, 370, 371, 372, 373, 375, 382, 383, 393, 396, 398, 399, 406, 412, 413, 423, 428, 430, 431, 438, 444, 445, 455, 460, 470, 478, 480, 481, 482, 483, 484, 485, 486, 487, 489, 496, 497, 507, 512, 521, 529, 531, 532, 533, 534, 535, 536, 538, 545, 546, 556, 559, 563, 571, 573, 580, 581, 591, 596, 600, 608, 612, 613, 614, 615, 617, 624, 625, 635, 640, 642, 650, 656, 657, 667, 672, 676, 677, 684, 686, 693, 694, 704, 709, 711, 719, 723, 730, 731, 741, 746, 748, 756, 762, 763, 773, 778, 782, 790, 792, 799, 800, 810, 815, 819, 827, 829, 836, 837, 847, 852, 856, 864, 866, 873, 874, 884, 885, 887, 895, 897, 904, 905, 915, 920, 922, 930, 936, 937, 947, 950, 954, 962, 968, 969, 971, 978, 979, 989, 994, 1002, 1010, 1012, 1013, 1014, 1015, 1016, 1017, 1018, 1019, 1021, 1028, 1029, 1039, 1042, 1044, 1052, 1058, 1059, 1069, 1074, 1078, 1086, 1088, 1095, 1096, 1106, 1111, 1113, 1121, 1127, 1128, 1138, 1143, 1151, 1159, 1165, 1166, 1167, 1168, 1170, 1177, 1178, 1188, 1193, 1203, 1211, 1213, 1214, 1215, 1216, 1217, 1218, 1219, 1220, 1221, 1222, 1223, 1224, 1226, 1233, 1234, 1244, 1249, 1251, 1259, 1265, 1266, 1276, 1279, 1281, 1289, 1295, 1296, 1306, 1311, 1313, 1321, 1327, 1328, 1338, 1343, 1345, 1353, 1355, 1362, 1363, 1373, 1378, 1380, 1388, 1394, 1395, 1406], "summary": {"covered_lines": 367, "num_statements": 434, "percent_covered": 84.56221198156682, "percent_covered_display": "85", "missing_lines": 67, "excluded_lines": 0, "percent_statements_covered": 84.56221198156682, "percent_statements_covered_display": "85"}, "missing_lines": [26, 30, 44, 45, 72, 88, 89, 90, 93, 94, 95, 126, 298, 330, 354, 384, 414, 446, 471, 498, 522, 547, 564, 582, 601, 626, 643, 658, 695, 712, 732, 749, 764, 783, 801, 820, 838, 857, 875, 888, 906, 923, 938, 955, 980, 1003, 1030, 1045, 1060, 1079, 1097, 1114, 1129, 1152, 1179, 1204, 1235, 1252, 1267, 1282, 1297, 1314, 1329, 1346, 1364, 1381, 1396], "excluded_lines": [], "functions": {"BasicAuth.__init__": {"executed_lines": [15, 16, 17], "summary": {"covered_lines": 3, "num_statements": 3, "percent_covered": 100.0, "percent_covered_display": "100", "missing_lines": 0, "excluded_lines": 0, "percent_statements_covered": 100.0, "percent_statements_covered_display": "100"}, "missing_lines": [], "excluded_lines": [], "start_line": 14}, "BasicAuth.__eq__": {"executed_lines": [20, 21, 22, 23, 24, 25], "summary": {"covered_lines": 6, "num_statements": 7, "percent_covered": 85.71428571428571, "percent_covered_display": "86", "missing_lines": 1, "excluded_lines": 0, "percent_statements_covered": 85.71428571428571, "percent_statements_covered_display": "86"}, "missing_lines": [26], "excluded_lines": [], "start_line": 19}, "BasicAuth.__getattr__": {"executed_lines": [], "summary": {"covered_lines": 0, "num_statements": 1, "percent_covered": 0.0, "percent_covered_display": "0", "missing_lines": 1, "excluded_lines": 0, "percent_statements_covered": 0.0, "percent_statements_covered_display": "0"}, "missing_lines": [30], "excluded_lines": [], "start_line": 28}, "BasicAuth.__repr__": {"executed_lines": [33], "summary": {"covered_lines": 1, "num_statements": 1, "percent_covered": 100.0, "percent_covered_display": "100", "missing_lines": 0, "excluded_lines": 0, "percent_statements_covered": 100.0, "percent_statements_covered_display": "100"}, "missing_lines": [], "excluded_lines": [], "start_line": 32}, "_get_requests_adapter": {"executed_lines": [], "summary": {"covered_lines": 0, "num_statements": 1, "percent_covered": 0.0, "percent_covered_display": "0", "missing_lines": 1, "excluded_lines": 0, "percent_statements_covered": 0.0, "percent_statements_covered_display": "0"}, "missing_lines": [72], "excluded_lines": [], "start_line": 70}, "get_mailgun_api_key": {"executed_lines": [76], "summary": {"covered_lines": 1, "num_statements": 1, "percent_covered": 100.0, "percent_covered_display": "100", "missing_lines": 0, "excluded_lines": 0, "percent_statements_covered": 100.0, "percent_statements_covered_display": "100"}, "missing_lines": [], "excluded_lines": [], "start_line": 75}, "get_mailgun_domain": {"executed_lines": [80], "summary": {"covered_lines": 1, "num_statements": 1, "percent_covered": 100.0, "percent_covered_display": "100", "missing_lines": 0, "excluded_lines": 0, "percent_statements_covered": 100.0, "percent_statements_covered_display": "100"}, "missing_lines": [], "excluded_lines": [], "start_line": 79}, "get_masked_api_key": {"executed_lines": [], "summary": {"covered_lines": 0, "num_statements": 6, "percent_covered": 0.0, "percent_covered_display": "0", "missing_lines": 6, "excluded_lines": 0, "percent_statements_covered": 0.0, "percent_statements_covered_display": "0"}, "missing_lines": [88, 89, 90, 93, 94, 95], "excluded_lines": [], "start_line": 83}, "validate_api_key_at_startup": {"executed_lines": [107, 110, 111, 112, 113, 114, 117, 118, 119, 120], "summary": {"covered_lines": 10, "num_statements": 10, "percent_covered": 100.0, "percent_covered_display": "100", "missing_lines": 0, "excluded_lines": 0, "percent_statements_covered": 100.0, "percent_statements_covered_display": "100"}, "missing_lines": [], "excluded_lines": [], "start_line": 98}, "_normalize_auth_for_provider": {"executed_lines": [137, 138, 140, 143, 145, 146, 147, 148, 150, 154, 155, 156, 158, 159, 161, 162, 163, 164, 165, 166, 167, 169], "summary": {"covered_lines": 22, "num_statements": 22, "percent_covered": 100.0, "percent_covered_display": "100", "missing_lines": 0, "excluded_lines": 0, "percent_statements_covered": 100.0, "percent_statements_covered_display": "100"}, "missing_lines": [], "excluded_lines": [], "start_line": 135}, "_http_request": {"executed_lines": [185, 187, 188, 189, 190, 191, 192, 193, 194, 195, 196, 199], "summary": {"covered_lines": 12, "num_statements": 12, "percent_covered": 100.0, "percent_covered_display": "100", "missing_lines": 0, "excluded_lines": 0, "percent_statements_covered": 100.0, "percent_statements_covered_display": "100"}, "missing_lines": [], "excluded_lines": [], "start_line": 172}, "send_message": {"executed_lines": [220, 221, 229, 237, 238, 239, 240, 241, 242, 243, 244, 245, 246, 247, 248, 251, 259, 262, 263], "summary": {"covered_lines": 19, "num_statements": 19, "percent_covered": 100.0, "percent_covered_display": "100", "missing_lines": 0, "excluded_lines": 0, "percent_statements_covered": 100.0, "percent_statements_covered_display": "100"}, "missing_lines": [], "excluded_lines": [], "start_line": 207}, "get_domains": {"executed_lines": [279, 280, 287, 289, 296, 297], "summary": {"covered_lines": 6, "num_statements": 7, "percent_covered": 85.71428571428571, "percent_covered_display": "86", "missing_lines": 1, "excluded_lines": 0, "percent_statements_covered": 85.71428571428571, "percent_statements_covered_display": "86"}, "missing_lines": [298], "excluded_lines": [], "start_line": 277}, "get_domain": {"executed_lines": [314, 315, 322, 328, 329], "summary": {"covered_lines": 5, "num_statements": 6, "percent_covered": 83.33333333333333, "percent_covered_display": "83", "missing_lines": 1, "excluded_lines": 0, "percent_statements_covered": 83.33333333333333, "percent_statements_covered_display": "83"}, "missing_lines": [330], "excluded_lines": [], "start_line": 312}, "create_domain": {"executed_lines": [353, 361, 366, 367, 368, 369, 370, 371, 372, 373, 375, 382, 383], "summary": {"covered_lines": 13, "num_statements": 15, "percent_covered": 86.66666666666667, "percent_covered_display": "87", "missing_lines": 2, "excluded_lines": 0, "percent_statements_covered": 86.66666666666667, "percent_statements_covered_display": "87"}, "missing_lines": [354, 384], "excluded_lines": [], "start_line": 344}, "delete_domain": {"executed_lines": [398, 399, 406, 412, 413], "summary": {"covered_lines": 5, "num_statements": 6, "percent_covered": 83.33333333333333, "percent_covered_display": "83", "missing_lines": 1, "excluded_lines": 0, "percent_statements_covered": 83.33333333333333, "percent_statements_covered_display": "83"}, "missing_lines": [414], "excluded_lines": [], "start_line": 396}, "verify_domain": {"executed_lines": [430, 431, 438, 444, 445], "summary": {"covered_lines": 5, "num_statements": 6, "percent_covered": 83.33333333333333, "percent_covered_display": "83", "missing_lines": 1, "excluded_lines": 0, "percent_statements_covered": 83.33333333333333, "percent_statements_covered_display": "83"}, "missing_lines": [446], "excluded_lines": [], "start_line": 428}, "get_events": {"executed_lines": [470, 478, 480, 481, 482, 483, 484, 485, 486, 487, 489, 496, 497], "summary": {"covered_lines": 13, "num_statements": 15, "percent_covered": 86.66666666666667, "percent_covered_display": "87", "missing_lines": 2, "excluded_lines": 0, "percent_statements_covered": 86.66666666666667, "percent_statements_covered_display": "87"}, "missing_lines": [471, 498], "excluded_lines": [], "start_line": 460}, "get_stats": {"executed_lines": [521, 529, 531, 532, 533, 534, 535, 536, 538, 545, 546], "summary": {"covered_lines": 11, "num_statements": 13, "percent_covered": 84.61538461538461, "percent_covered_display": "85", "missing_lines": 2, "excluded_lines": 0, "percent_statements_covered": 84.61538461538461, "percent_statements_covered_display": "85"}, "missing_lines": [522, 547], "excluded_lines": [], "start_line": 512}, "get_bounces": {"executed_lines": [563, 571, 573, 580, 581], "summary": {"covered_lines": 5, "num_statements": 7, "percent_covered": 71.42857142857143, "percent_covered_display": "71", "missing_lines": 2, "excluded_lines": 0, "percent_statements_covered": 71.42857142857143, "percent_statements_covered_display": "71"}, "missing_lines": [564, 582], "excluded_lines": [], "start_line": 559}, "add_bounce": {"executed_lines": [600, 608, 612, 613, 614, 615, 617, 624, 625], "summary": {"covered_lines": 9, "num_statements": 11, "percent_covered": 81.81818181818181, "percent_covered_display": "82", "missing_lines": 2, "excluded_lines": 0, "percent_statements_covered": 81.81818181818181, "percent_statements_covered_display": "82"}, "missing_lines": [601, 626], "excluded_lines": [], "start_line": 596}, "delete_bounce": {"executed_lines": [642, 650, 656, 657], "summary": {"covered_lines": 4, "num_statements": 6, "percent_covered": 66.66666666666667, "percent_covered_display": "67", "missing_lines": 2, "excluded_lines": 0, "percent_statements_covered": 66.66666666666667, "percent_statements_covered_display": "67"}, "missing_lines": [643, 658], "excluded_lines": [], "start_line": 640}, "get_complaints": {"executed_lines": [676, 677, 684, 686, 693, 694], "summary": {"covered_lines": 6, "num_statements": 7, "percent_covered": 85.71428571428571, "percent_covered_display": "86", "missing_lines": 1, "excluded_lines": 0, "percent_statements_covered": 85.71428571428571, "percent_statements_covered_display": "86"}, "missing_lines": [695], "excluded_lines": [], "start_line": 672}, "add_complaint": {"executed_lines": [711, 719, 723, 730, 731], "summary": {"covered_lines": 5, "num_statements": 7, "percent_covered": 71.42857142857143, "percent_covered_display": "71", "missing_lines": 2, "excluded_lines": 0, "percent_statements_covered": 71.42857142857143, "percent_statements_covered_display": "71"}, "missing_lines": [712, 732], "excluded_lines": [], "start_line": 709}, "delete_complaint": {"executed_lines": [748, 756, 762, 763], "summary": {"covered_lines": 4, "num_statements": 6, "percent_covered": 66.66666666666667, "percent_covered_display": "67", "missing_lines": 2, "excluded_lines": 0, "percent_statements_covered": 66.66666666666667, "percent_statements_covered_display": "67"}, "missing_lines": [749, 764], "excluded_lines": [], "start_line": 746}, "get_unsubscribes": {"executed_lines": [782, 790, 792, 799, 800], "summary": {"covered_lines": 5, "num_statements": 7, "percent_covered": 71.42857142857143, "percent_covered_display": "71", "missing_lines": 2, "excluded_lines": 0, "percent_statements_covered": 71.42857142857143, "percent_statements_covered_display": "71"}, "missing_lines": [783, 801], "excluded_lines": [], "start_line": 778}, "add_unsubscribe": {"executed_lines": [819, 827, 829, 836, 837], "summary": {"covered_lines": 5, "num_statements": 7, "percent_covered": 71.42857142857143, "percent_covered_display": "71", "missing_lines": 2, "excluded_lines": 0, "percent_statements_covered": 71.42857142857143, "percent_statements_covered_display": "71"}, "missing_lines": [820, 838], "excluded_lines": [], "start_line": 815}, "delete_unsubscribe": {"executed_lines": [856, 864, 866, 873, 874], "summary": {"covered_lines": 5, "num_statements": 7, "percent_covered": 71.42857142857143, "percent_covered_display": "71", "missing_lines": 2, "excluded_lines": 0, "percent_statements_covered": 71.42857142857143, "percent_statements_covered_display": "71"}, "missing_lines": [857, 875], "excluded_lines": [], "start_line": 852}, "get_routes": {"executed_lines": [887, 895, 897, 904, 905], "summary": {"covered_lines": 5, "num_statements": 7, "percent_covered": 71.42857142857143, "percent_covered_display": "71", "missing_lines": 2, "excluded_lines": 0, "percent_statements_covered": 71.42857142857143, "percent_statements_covered_display": "71"}, "missing_lines": [888, 906], "excluded_lines": [], "start_line": 885}, "get_route": {"executed_lines": [922, 930, 936, 937], "summary": {"covered_lines": 4, "num_statements": 6, "percent_covered": 66.66666666666667, "percent_covered_display": "67", "missing_lines": 2, "excluded_lines": 0, "percent_statements_covered": 66.66666666666667, "percent_statements_covered_display": "67"}, "missing_lines": [923, 938], "excluded_lines": [], "start_line": 920}, "create_route": {"executed_lines": [954, 962, 968, 969, 971, 978, 979], "summary": {"covered_lines": 7, "num_statements": 9, "percent_covered": 77.77777777777777, "percent_covered_display": "78", "missing_lines": 2, "excluded_lines": 0, "percent_statements_covered": 77.77777777777777, "percent_statements_covered_display": "78"}, "missing_lines": [955, 980], "excluded_lines": [], "start_line": 950}, "update_route": {"executed_lines": [1002, 1010, 1012, 1013, 1014, 1015, 1016, 1017, 1018, 1019, 1021, 1028, 1029], "summary": {"covered_lines": 13, "num_statements": 15, "percent_covered": 86.66666666666667, "percent_covered_display": "87", "missing_lines": 2, "excluded_lines": 0, "percent_statements_covered": 86.66666666666667, "percent_statements_covered_display": "87"}, "missing_lines": [1003, 1030], "excluded_lines": [], "start_line": 994}, "delete_route": {"executed_lines": [1044, 1052, 1058, 1059], "summary": {"covered_lines": 4, "num_statements": 6, "percent_covered": 66.66666666666667, "percent_covered_display": "67", "missing_lines": 2, "excluded_lines": 0, "percent_statements_covered": 66.66666666666667, "percent_statements_covered_display": "67"}, "missing_lines": [1045, 1060], "excluded_lines": [], "start_line": 1042}, "get_templates": {"executed_lines": [1078, 1086, 1088, 1095, 1096], "summary": {"covered_lines": 5, "num_statements": 7, "percent_covered": 71.42857142857143, "percent_covered_display": "71", "missing_lines": 2, "excluded_lines": 0, "percent_statements_covered": 71.42857142857143, "percent_statements_covered_display": "71"}, "missing_lines": [1079, 1097], "excluded_lines": [], "start_line": 1074}, "get_template": {"executed_lines": [1113, 1121, 1127, 1128], "summary": {"covered_lines": 4, "num_statements": 6, "percent_covered": 66.66666666666667, "percent_covered_display": "67", "missing_lines": 2, "excluded_lines": 0, "percent_statements_covered": 66.66666666666667, "percent_statements_covered_display": "67"}, "missing_lines": [1114, 1129], "excluded_lines": [], "start_line": 1111}, "create_template": {"executed_lines": [1151, 1159, 1165, 1166, 1167, 1168, 1170, 1177, 1178], "summary": {"covered_lines": 9, "num_statements": 11, "percent_covered": 81.81818181818181, "percent_covered_display": "82", "missing_lines": 2, "excluded_lines": 0, "percent_statements_covered": 81.81818181818181, "percent_statements_covered_display": "82"}, "missing_lines": [1152, 1179], "excluded_lines": [], "start_line": 1143}, "update_template": {"executed_lines": [1203, 1211, 1213, 1214, 1215, 1216, 1217, 1218, 1219, 1220, 1221, 1222, 1223, 1224, 1226, 1233, 1234], "summary": {"covered_lines": 17, "num_statements": 19, "percent_covered": 89.47368421052632, "percent_covered_display": "89", "missing_lines": 2, "excluded_lines": 0, "percent_statements_covered": 89.47368421052632, "percent_statements_covered_display": "89"}, "missing_lines": [1204, 1235], "excluded_lines": [], "start_line": 1193}, "delete_template": {"executed_lines": [1251, 1259, 1265, 1266], "summary": {"covered_lines": 4, "num_statements": 6, "percent_covered": 66.66666666666667, "percent_covered_display": "67", "missing_lines": 2, "excluded_lines": 0, "percent_statements_covered": 66.66666666666667, "percent_statements_covered_display": "67"}, "missing_lines": [1252, 1267], "excluded_lines": [], "start_line": 1249}, "get_webhooks": {"executed_lines": [1281, 1289, 1295, 1296], "summary": {"covered_lines": 4, "num_statements": 6, "percent_covered": 66.66666666666667, "percent_covered_display": "67", "missing_lines": 2, "excluded_lines": 0, "percent_statements_covered": 66.66666666666667, "percent_statements_covered_display": "67"}, "missing_lines": [1282, 1297], "excluded_lines": [], "start_line": 1279}, "get_webhook": {"executed_lines": [1313, 1321, 1327, 1328], "summary": {"covered_lines": 4, "num_statements": 6, "percent_covered": 66.66666666666667, "percent_covered_display": "67", "missing_lines": 2, "excluded_lines": 0, "percent_statements_covered": 66.66666666666667, "percent_statements_covered_display": "67"}, "missing_lines": [1314, 1329], "excluded_lines": [], "start_line": 1311}, "create_webhook": {"executed_lines": [1345, 1353, 1355, 1362, 1363], "summary": {"covered_lines": 5, "num_statements": 7, "percent_covered": 71.42857142857143, "percent_covered_display": "71", "missing_lines": 2, "excluded_lines": 0, "percent_statements_covered": 71.42857142857143, "percent_statements_covered_display": "71"}, "missing_lines": [1346, 1364], "excluded_lines": [], "start_line": 1343}, "delete_webhook": {"executed_lines": [1380, 1388, 1394, 1395], "summary": {"covered_lines": 4, "num_statements": 6, "percent_covered": 66.66666666666667, "percent_covered_display": "67", "missing_lines": 2, "excluded_lines": 0, "percent_statements_covered": 66.66666666666667, "percent_statements_covered_display": "67"}, "missing_lines": [1381, 1396], "excluded_lines": [], "start_line": 1378}, "": {"executed_lines": [1, 2, 3, 4, 6, 7, 8, 11, 14, 19, 28, 32, 37, 40, 41, 43, 49, 50, 53, 59, 62, 67, 70, 75, 79, 83, 98, 125, 129, 130, 131, 132, 135, 172, 202, 207, 272, 277, 307, 312, 339, 344, 393, 396, 423, 428, 455, 460, 507, 512, 556, 559, 591, 596, 635, 640, 667, 672, 704, 709, 741, 746, 773, 778, 810, 815, 847, 852, 884, 885, 915, 920, 947, 950, 989, 994, 1039, 1042, 1069, 1074, 1106, 1111, 1138, 1143, 1188, 1193, 1244, 1249, 1276, 1279, 1306, 1311, 1338, 1343, 1373, 1378, 1406], "summary": {"covered_lines": 97, "num_statements": 100, "percent_covered": 97.0, "percent_covered_display": "97", "missing_lines": 3, "excluded_lines": 0, "percent_statements_covered": 97.0, "percent_statements_covered_display": "97"}, "missing_lines": [44, 45, 126], "excluded_lines": [], "start_line": 1}}, "classes": {"BasicAuth": {"executed_lines": [15, 16, 17, 20, 21, 22, 23, 24, 25, 33], "summary": {"covered_lines": 10, "num_statements": 12, "percent_covered": 83.33333333333333, "percent_covered_display": "83", "missing_lines": 2, "excluded_lines": 0, "percent_statements_covered": 83.33333333333333, "percent_statements_covered_display": "83"}, "missing_lines": [26, 30], "excluded_lines": [], "start_line": 11}, "": {"executed_lines": [1, 2, 3, 4, 6, 7, 8, 11, 14, 19, 28, 32, 37, 40, 41, 43, 49, 50, 53, 59, 62, 67, 70, 75, 76, 79, 80, 83, 98, 107, 110, 111, 112, 113, 114, 117, 118, 119, 120, 125, 129, 130, 131, 132, 135, 137, 138, 140, 143, 145, 146, 147, 148, 150, 154, 155, 156, 158, 159, 161, 162, 163, 164, 165, 166, 167, 169, 172, 185, 187, 188, 189, 190, 191, 192, 193, 194, 195, 196, 199, 202, 207, 220, 221, 229, 237, 238, 239, 240, 241, 242, 243, 244, 245, 246, 247, 248, 251, 259, 262, 263, 272, 277, 279, 280, 287, 289, 296, 297, 307, 312, 314, 315, 322, 328, 329, 339, 344, 353, 361, 366, 367, 368, 369, 370, 371, 372, 373, 375, 382, 383, 393, 396, 398, 399, 406, 412, 413, 423, 428, 430, 431, 438, 444, 445, 455, 460, 470, 478, 480, 481, 482, 483, 484, 485, 486, 487, 489, 496, 497, 507, 512, 521, 529, 531, 532, 533, 534, 535, 536, 538, 545, 546, 556, 559, 563, 571, 573, 580, 581, 591, 596, 600, 608, 612, 613, 614, 615, 617, 624, 625, 635, 640, 642, 650, 656, 657, 667, 672, 676, 677, 684, 686, 693, 694, 704, 709, 711, 719, 723, 730, 731, 741, 746, 748, 756, 762, 763, 773, 778, 782, 790, 792, 799, 800, 810, 815, 819, 827, 829, 836, 837, 847, 852, 856, 864, 866, 873, 874, 884, 885, 887, 895, 897, 904, 905, 915, 920, 922, 930, 936, 937, 947, 950, 954, 962, 968, 969, 971, 978, 979, 989, 994, 1002, 1010, 1012, 1013, 1014, 1015, 1016, 1017, 1018, 1019, 1021, 1028, 1029, 1039, 1042, 1044, 1052, 1058, 1059, 1069, 1074, 1078, 1086, 1088, 1095, 1096, 1106, 1111, 1113, 1121, 1127, 1128, 1138, 1143, 1151, 1159, 1165, 1166, 1167, 1168, 1170, 1177, 1178, 1188, 1193, 1203, 1211, 1213, 1214, 1215, 1216, 1217, 1218, 1219, 1220, 1221, 1222, 1223, 1224, 1226, 1233, 1234, 1244, 1249, 1251, 1259, 1265, 1266, 1276, 1279, 1281, 1289, 1295, 1296, 1306, 1311, 1313, 1321, 1327, 1328, 1338, 1343, 1345, 1353, 1355, 1362, 1363, 1373, 1378, 1380, 1388, 1394, 1395, 1406], "summary": {"covered_lines": 357, "num_statements": 422, "percent_covered": 84.59715639810426, "percent_covered_display": "85", "missing_lines": 65, "excluded_lines": 0, "percent_statements_covered": 84.59715639810426, "percent_statements_covered_display": "85"}, "missing_lines": [44, 45, 72, 88, 89, 90, 93, 94, 95, 126, 298, 330, 354, 384, 414, 446, 471, 498, 522, 547, 564, 582, 601, 626, 643, 658, 695, 712, 732, 749, 764, 783, 801, 820, 838, 857, 875, 888, 906, 923, 938, 955, 980, 1003, 1030, 1045, 1060, 1079, 1097, 1114, 1129, 1152, 1179, 1204, 1235, 1252, 1267, 1282, 1297, 1314, 1329, 1346, 1364, 1381, 1396], "excluded_lines": [], "start_line": 1}}}}, "totals": {"covered_lines": 399, "num_statements": 481, "percent_covered": 82.95218295218295, "percent_covered_display": "83", "missing_lines": 82, "excluded_lines": 0, "percent_statements_covered": 82.95218295218295, "percent_statements_covered_display": "83"}}