{
  "files": {
    "mailgun_mcp/__init__.py": {
      "classes": {
        "": {
          "excluded_lines": [],
          "executed_lines": [],
          "missing_lines": [],
          "start_line": 1,
          "summary": {
            "covered_lines": 0,
            "excluded_lines": 0,
            "missing_lines": 0,
            "num_statements": 0,
            "percent_covered": 100.0,
            "percent_covered_display": "100",
            "percent_statements_covered": 100.0,
            "percent_statements_covered_display": "100"
          }
        }
      },
      "excluded_lines": [],
      "executed_lines": [],
      "functions": {
        "": {
          "excluded_lines": [],
          "executed_lines": [],
          "missing_lines": [],
          "start_line": 1,
          "summary": {
            "covered_lines": 0,
            "excluded_lines": 0,
            "missing_lines": 0,
            "num_statements": 0,
            "percent_covered": 100.0,
            "percent_covered_display": "100",
            "percent_statements_covered": 100.0,
            "percent_statements_covered_display": "100"
          }
        }
      },
      "missing_lines": [],
      "summary": {
        "covered_lines": 0,
        "excluded_lines": 0,
        "missing_lines": 0,
        "num_statements": 0,
        "percent_covered": 100.0,
        "percent_covered_display": "100",
        "percent_statements_covered": 100.0,
        "percent_statements_covered_display": "100"
      }
    },
    "mailgun_mcp/__main__.py": {
      "classes": {
        "": {
          "excluded_lines": [],
          "executed_lines": [
            4,
            6,
            7,
            8,
            9,
            12,
            15,
            18,
            19,
            20,
            22,
            23,
            24,
            27,
            30,
            44,
            45,
            49,
            71,
            81,
            102,
            106,
            113,
            127
          ],
          "missing_lines": [
            117,
            124,
            128
          ],
          "start_line": 1,
          "summary": {
            "covered_lines": 24,
            "excluded_lines": 0,
            "missing_lines": 3,
            "num_statements": 27,
            "percent_covered": 88.88888888888889,
            "percent_covered_display": "89",
            "percent_statements_covered": 88.88888888888889,
            "percent_statements_covered_display": "89"
          }
        },
        "MailgunConfig": {
          "excluded_lines": [],
          "executed_lines": [],
          "missing_lines": [],
          "start_line": 15,
          "summary": {
            "covered_lines": 0,
            "excluded_lines": 0,
            "missing_lines": 0,
            "num_statements": 0,
            "percent_covered": 100.0,
            "percent_covered_display": "100",
            "percent_statements_covered": 100.0,
            "percent_statements_covered_display": "100"
          }
        },
        "MailgunConfig.Config": {
          "excluded_lines": [],
          "executed_lines": [],
          "missing_lines": [],
          "start_line": 22,
          "summary": {
            "covered_lines": 0,
            "excluded_lines": 0,
            "missing_lines": 0,
            "num_statements": 0,
            "percent_covered": 100.0,
            "percent_covered_display": "100",
            "percent_statements_covered": 100.0,
            "percent_statements_covered_display": "100"
          }
        },
        "MailgunMCPServer": {
          "excluded_lines": [],
          "executed_lines": [
            31,
            32,
            35,
            40,
            41,
            42,
            47,
            84,
            87,
            89,
            100
          ],
          "missing_lines": [
            52,
            55,
            58,
            67,
            68,
            69,
            74,
            77,
            79,
            104,
            108,
            110
          ],
          "start_line": 27,
          "summary": {
            "covered_lines": 11,
            "excluded_lines": 0,
            "missing_lines": 12,
            "num_statements": 23,
            "percent_covered": 47.82608695652174,
            "percent_covered_display": "48",
            "percent_statements_covered": 47.82608695652174,
            "percent_statements_covered_display": "48"
          }
        }
      },
      "excluded_lines": [],
      "executed_lines": [
        4,
        6,
        7,
        8,
        9,
        12,
        15,
        18,
        19,
        20,
        22,
        23,
        24,
        27,
        30,
        31,
        32,
        35,
        40,
        41,
        42,
        44,
        45,
        47,
        49,
        71,
        81,
        84,
        87,
        89,
        100,
        102,
        106,
        113,
        127
      ],
      "functions": {
        "": {
          "excluded_lines": [],
          "executed_lines": [
            4,
            6,
            7,
            8,
            9,
            12,
            15,
            18,
            19,
            20,
            22,
            23,
            24,
            27,
            30,
            44,
            45,
            49,
            71,
            81,
            102,
            106,
            113,
            127
          ],
          "missing_lines": [
            128
          ],
          "start_line": 1,
          "summary": {
            "covered_lines": 24,
            "excluded_lines": 0,
            "missing_lines": 1,
            "num_statements": 25,
            "percent_covered": 96.0,
            "percent_covered_display": "96",
            "percent_statements_covered": 96.0,
            "percent_statements_covered_display": "96"
          }
        },
        "MailgunMCPServer.__init__": {
          "excluded_lines": [],
          "executed_lines": [
            31,
            32,
            35,
            40,
            41,
            42
          ],
          "missing_lines": [],
          "start_line": 30,
          "summary": {
            "covered_lines": 6,
            "excluded_lines": 0,
            "missing_lines": 0,
            "num_statements": 6,
            "percent_covered": 100.0,
            "percent_covered_display": "100",
            "percent_statements_covered": 100.0,
            "percent_statements_covered_display": "100"
          }
        },
        "MailgunMCPServer._cfg": {
          "excluded_lines": [],
          "executed_lines": [
            47
          ],
          "missing_lines": [],
          "start_line": 45,
          "summary": {
            "covered_lines": 1,
            "excluded_lines": 0,
            "missing_lines": 0,
            "num_statements": 1,
            "percent_covered": 100.0,
            "percent_covered_display": "100",
            "percent_statements_covered": 100.0,
            "percent_statements_covered_display": "100"
          }
        },
        "MailgunMCPServer._get_timestamp": {
          "excluded_lines": [],
          "executed_lines": [],
          "missing_lines": [
            108,
            110
          ],
          "start_line": 106,
          "summary": {
            "covered_lines": 0,
            "excluded_lines": 0,
            "missing_lines": 2,
            "num_statements": 2,
            "percent_covered": 0.0,
            "percent_covered_display": "0",
            "percent_statements_covered": 0.0,
            "percent_statements_covered_display": "0"
          }
        },
        "MailgunMCPServer.get_app": {
          "excluded_lines": [],
          "executed_lines": [],
          "missing_lines": [
            104
          ],
          "start_line": 102,
          "summary": {
            "covered_lines": 0,
            "excluded_lines": 0,
            "missing_lines": 1,
            "num_statements": 1,
            "percent_covered": 0.0,
            "percent_covered_display": "0",
            "percent_statements_covered": 0.0,
            "percent_statements_covered_display": "0"
          }
        },
        "MailgunMCPServer.health_check": {
          "excluded_lines": [],
          "executed_lines": [
            84,
            87,
            89,
            100
          ],
          "missing_lines": [],
          "start_line": 81,
          "summary": {
            "covered_lines": 4,
            "excluded_lines": 0,
            "missing_lines": 0,
            "num_statements": 4,
            "percent_covered": 100.0,
            "percent_covered_display": "100",
            "percent_statements_covered": 100.0,
            "percent_statements_covered_display": "100"
          }
        },
        "MailgunMCPServer.shutdown": {
          "excluded_lines": [],
          "executed_lines": [],
          "missing_lines": [
            74,
            77,
            79
          ],
          "start_line": 71,
          "summary": {
            "covered_lines": 0,
            "excluded_lines": 0,
            "missing_lines": 3,
            "num_statements": 3,
            "percent_covered": 0.0,
            "percent_covered_display": "0",
            "percent_statements_covered": 0.0,
            "percent_statements_covered_display": "0"
          }
        },
        "MailgunMCPServer.startup": {
          "excluded_lines": [],
          "executed_lines": [],
          "missing_lines": [
            52,
            55,
            58,
            67,
            68,
            69
          ],
          "start_line": 49,
          "summary": {
            "covered_lines": 0,
            "excluded_lines": 0,
            "missing_lines": 6,
            "num_statements": 6,
            "percent_covered": 0.0,
            "percent_covered_display": "0",
            "percent_statements_covered": 0.0,
            "percent_statements_covered_display": "0"
          }
        },
        "main": {
          "excluded_lines": [],
          "executed_lines": [],
          "missing_lines": [
            117,
            124
          ],
          "start_line": 113,
          "summary": {
            "covered_lines": 0,
            "excluded_lines": 0,
            "missing_lines": 2,
            "num_statements": 2,
            "percent_covered": 0.0,
            "percent_covered_display": "0",
            "percent_statements_covered": 0.0,
            "percent_statements_covered_display": "0"
          }
        }
      },
      "missing_lines": [
        52,
        55,
        58,
        67,
        68,
        69,
        74,
        77,
        79,
        104,
        108,
        110,
        117,
        124,
        128
      ],
      "summary": {
        "covered_lines": 35,
        "excluded_lines": 0,
        "missing_lines": 15,
        "num_statements": 50,
        "percent_covered": 70.0,
        "percent_covered_display": "70",
        "percent_statements_covered": 70.0,
        "percent_statements_covered_display": "70"
      }
    },
    "mailgun_mcp/main.py": {
      "classes": {
        "": {
          "excluded_lines": [],
          "executed_lines": [
            1,
            2,
            3,
            4,
            6,
            7,
            8,
            11,
            14,
            19,
            28,
            32,
            37,
            40,
            41,
            43,
            49,
            50,
            53,
            59,
            62,
            67,
            70,
            75,
            76,
            79,
            80,
            83,
            98,
            107,
            110,
            111,
            112,
            113,
            114,
            117,
            118,
            119,
            120,
            125,
            129,
            130,
            131,
            132,
            135,
            137,
            138,
            140,
            143,
            145,
            146,
            147,
            148,
            150,
            154,
            155,
            156,
            158,
            159,
            161,
            162,
            163,
            164,
            165,
            166,
            167,
            169,
            172,
            185,
            187,
            188,
            189,
            190,
            191,
            192,
            193,
            194,
            195,
            196,
            199,
            202,
            207,
            220,
            221,
            229,
            237,
            238,
            239,
            240,
            241,
            242,
            243,
            244,
            245,
            246,
            247,
            248,
            251,
            259,
            262,
            263,
            272,
            277,
            279,
            280,
            287,
            289,
            296,
            297,
            307,
            312,
            314,
            315,
            322,
            328,
            329,
            339,
            344,
            353,
            361,
            366,
            367,
            368,
            369,
            370,
            371,
            372,
            373,
            375,
            382,
            383,
            393,
            396,
            398,
            399,
            406,
            412,
            413,
            423,
            428,
            430,
            431,
            438,
            444,
            445,
            455,
            460,
            470,
            478,
            480,
            481,
            482,
            483,
            484,
            485,
            486,
            487,
            489,
            496,
            497,
            507,
            512,
            521,
            529,
            531,
            532,
            533,
            534,
            535,
            536,
            538,
            545,
            546,
            556,
            559,
            563,
            571,
            573,
            580,
            581,
            591,
            596,
            600,
            608,
            612,
            613,
            614,
            615,
            617,
            624,
            625,
            635,
            640,
            642,
            650,
            656,
            657,
            667,
            672,
            676,
            677,
            684,
            686,
            693,
            694,
            704,
            709,
            711,
            719,
            723,
            730,
            731,
            741,
            746,
            748,
            756,
            762,
            763,
            773,
            778,
            782,
            790,
            792,
            799,
            800,
            810,
            815,
            819,
            827,
            829,
            836,
            837,
            847,
            852,
            856,
            864,
            866,
            873,
            874,
            884,
            885,
            887,
            895,
            897,
            904,
            905,
            915,
            920,
            922,
            930,
            936,
            937,
            947,
            950,
            954,
            962,
            968,
            969,
            971,
            978,
            979,
            989,
            994,
            1002,
            1010,
            1012,
            1013,
            1014,
            1015,
            1016,
            1017,
            1018,
            1019,
            1021,
            1028,
            1029,
            1039,
            1042,
            1044,
            1052,
            1058,
            1059,
            1069,
            1074,
            1078,
            1086,
            1088,
            1095,
            1096,
            1106,
            1111,
            1113,
            1121,
            1127,
            1128,
            1138,
            1143,
            1151,
            1159,
            1165,
            1166,
            1167,
            1168,
            1170,
            1177,
            1178,
            1188,
            1193,
            1203,
            1211,
            1213,
            1214,
            1215,
            1216,
            1217,
            1218,
            1219,
            1220,
            1221,
            1222,
            1223,
            1224,
            1226,
            1233,
            1234,
            1244,
            1249,
            1251,
            1259,
            1265,
            1266,
            1276,
            1279,
            1281,
            1289,
            1295,
            1296,
            1306,
            1311,
            1313,
            1321,
            1327,
            1328,
            1338,
            1343,
            1345,
            1353,
            1355,
            1362,
            1363,
            1373,
            1378,
            1380,
            1388,
            1394,
            1395,
            1406
          ],
          "missing_lines": [
            44,
            45,
            72,
            88,
            89,
            90,
            93,
            94,
            95,
            126,
            298,
            330,
            354,
            384,
            414,
            446,
            471,
            498,
            522,
            547,
            564,
            582,
            601,
            626,
            643,
            658,
            695,
            712,
            732,
            749,
            764,
            783,
            801,
            820,
            838,
            857,
            875,
            888,
            906,
            923,
            938,
            955,
            980,
            1003,
            1030,
            1045,
            1060,
            1079,
            1097,
            1114,
            1129,
            1152,
            1179,
            1204,
            1235,
            1252,
            1267,
            1282,
            1297,
            1314,
            1329,
            1346,
            1364,
            1381,
            1396
          ],
          "start_line": 1,
          "summary": {
            "covered_lines": 357,
            "excluded_lines": 0,
            "missing_lines": 65,
            "num_statements": 422,
            "percent_covered": 84.59715639810426,
            "percent_covered_display": "85",
            "percent_statements_covered": 84.59715639810426,
            "percent_statements_covered_display": "85"
          }
        },
        "BasicAuth": {
          "excluded_lines": [],
          "executed_lines": [
            15,
            16,
            17,
            20,
            21,
            22,
            23,
            24,
            25,
            33
          ],
          "missing_lines": [
            26,
            30
          ],
          "start_line": 11,
          "summary": {
            "covered_lines": 10,
            "excluded_lines": 0,
            "missing_lines": 2,
            "num_statements": 12,
            "percent_covered": 83.33333333333333,
            "percent_covered_display": "83",
            "percent_statements_covered": 83.33333333333333,
            "percent_statements_covered_display": "83"
          }
        }
      },
      "excluded_lines": [],
      "executed_lines": [
        1,
        2,
        3,
        4,
        6,
        7,
        8,
        11,
        14,
        15,
        16,
        17,
        19,
        20,
        21,
        22,
        23,
        24,
        25,
        28,
        32,
        33,
        37,
        40,
        41,
        43,
        49,
        50,
        53,
        59,
        62,
        67,
        70,
        75,
        76,
        79,
        80,
        83,
        98,
        107,
        110,
        111,
        112,
        113,
        114,
        117,
        118,
        119,
        120,
        125,
        129,
        130,
        131,
        132,
        135,
        137,
        138,
        140,
        143,
        145,
        146,
        147,
        148,
        150,
        154,
        155,
        156,
        158,
        159,
        161,
        162,
        163,
        164,
        165,
        166,
        167,
        169,
        172,
        185,
        187,
        188,
        189,
        190,
        191,
        192,
        193,
        194,
        195,
        196,
        199,
        202,
        207,
        220,
        221,
        229,
        237,
        238,
        239,
        240,
        241,
        242,
        243,
        244,
        245,
        246,
        247,
        248,
        251,
        259,
        262,
        263,
        272,
        277,
        279,
        280,
        287,
        289,
        296,
        297,
        307,
        312,
        314,
        315,
        322,
        328,
        329,
        339,
        344,
        353,
        361,
        366,
        367,
        368,
        369,
        370,
        371,
        372,
        373,
        375,
        382,
        383,
        393,
        396,
        398,
        399,
        406,
        412,
        413,
        423,
        428,
        430,
        431,
        438,
        444,
        445,
        455,
        460,
        470,
        478,
        480,
        481,
        482,
        483,
        484,
        485,
        486,
        487,
        489,
        496,
        497,
        507,
        512,
        521,
        529,
        531,
        532,
        533,
        534,
        535,
        536,
        538,
        545,
        546,
        556,
        559,
        563,
        571,
        573,
        580,
        581,
        591,
        596,
        600,
        608,
        612,
        613,
        614,
        615,
        617,
        624,
        625,
        635,
        640,
        642,
        650,
        656,
        657,
        667,
        672,
        676,
        677,
        684,
        686,
        693,
        694,
        704,
        709,
        711,
        719,
        723,
        730,
        731,
        741,
        746,
        748,
        756,
        762,
        763,
        773,
        778,
        782,
        790,
        792,
        799,
        800,
        810,
        815,
        819,
        827,
        829,
        836,
        837,
        847,
        852,
        856,
        864,
        866,
        873,
        874,
        884,
        885,
        887,
        895,
        897,
        904,
        905,
        915,
        920,
        922,
        930,
        936,
        937,
        947,
        950,
        954,
        962,
        968,
        969,
        971,
        978,
        979,
        989,
        994,
        1002,
        1010,
        1012,
        1013,
        1014,
        1015,
        1016,
        1017,
        1018,
        1019,
        1021,
        1028,
        1029,
        1039,
        1042,
        1044,
        1052,
        1058,
        1059,
        1069,
        1074,
        1078,
        1086,
        1088,
        1095,
        1096,
        1106,
        1111,
        1113,
        1121,
        1127,
        1128,
        1138,
        1143,
        1151,
        1159,
        1165,
        1166,
        1167,
        1168,
        1170,
        1177,
        1178,
        1188,
        1193,
        1203,
        1211,
        1213,
        1214,
        1215,
        1216,
        1217,
        1218,
        1219,
        1220,
        1221,
        1222,
        1223,
        1224,
        1226,
        1233,
        1234,
        1244,
        1249,
        1251,
        1259,
        1265,
        1266,
        1276,
        1279,
        1281,
        1289,
        1295,
        1296,
        1306,
        1311,
        1313,
        1321,
        1327,
        1328,
        1338,
        1343,
        1345,
        1353,
        1355,
        1362,
        1363,
        1373,
        1378,
        1380,
        1388,
        1394,
        1395,
        1406
      ],
      "functions": {
        "": {
          "excluded_lines": [],
          "executed_lines": [
            1,
            2,
            3,
            4,
            6,
            7,
            8,
            11,
            14,
            19,
            28,
            32,
            37,
            40,
            41,
            43,
            49,
            50,
            53,
            59,
            62,
            67,
            70,
            75,
            79,
            83,
            98,
            125,
            129,
            130,
            131,
            132,
            135,
            172,
            202,
            207,
            272,
            277,
            307,
            312,
            339,
            344,
            393,
            396,
            423,
            428,
            455,
            460,
            507,
            512,
            556,
            559,
            591,
            596,
            635,
            640,
            667,
            672,
            704,
            709,
            741,
            746,
            773,
            778,
            810,
            815,
            847,
            852,
            884,
            885,
            915,
            920,
            947,
            950,
            989,
            994,
            1039,
            1042,
            1069,
            1074,
            1106,
            1111,
            1138,
            1143,
            1188,
            1193,
            1244,
            1249,
            1276,
            1279,
            1306,
            1311,
            1338,
            1343,
            1373,
            1378,
            1406
          ],
          "missing_lines": [
            44,
            45,
            126
          ],
          "start_line": 1,
          "summary": {
            "covered_lines": 97,
            "excluded_lines": 0,
            "missing_lines": 3,
            "num_statements": 100,
            "percent_covered": 97.0,
            "percent_covered_display": "97",
            "percent_statements_covered": 97.0,
            "percent_statements_covered_display": "97"
          }
        },
        "BasicAuth.__eq__": {
          "excluded_lines": [],
          "executed_lines": [
            20,
            21,
            22,
            23,
            24,
            25
          ],
          "missing_lines": [
            26
          ],
          "start_line": 19,
          "summary": {
            "covered_lines": 6,
            "excluded_lines": 0,
            "missing_lines": 1,
            "num_statements": 7,
            "percent_covered": 85.71428571428571,
            "percent_covered_display": "86",
            "percent_statements_covered": 85.71428571428571,
            "percent_statements_covered_display": "86"
          }
        },
        "BasicAuth.__getattr__": {
          "excluded_lines": [],
          "executed_lines": [],
          "missing_lines": [
            30
          ],
          "start_line": 28,
          "summary": {
            "covered_lines": 0,
            "excluded_lines": 0,
            "missing_lines": 1,
            "num_statements": 1,
            "percent_covered": 0.0,
            "percent_covered_display": "0",
            "percent_statements_covered": 0.0,
            "percent_statements_covered_display": "0"
          }
        },
        "BasicAuth.__init__": {
          "excluded_lines": [],
          "executed_lines": [
            15,
            16,
            17
          ],
          "missing_lines": [],
          "start_line": 14,
          "summary": {
            "covered_lines": 3,
            "excluded_lines": 0,
            "missing_lines": 0,
            "num_statements": 3,
            "percent_covered": 100.0,
            "percent_covered_display": "100",
            "percent_statements_covered": 100.0,
            "percent_statements_covered_display": "100"
          }
        },
        "BasicAuth.__repr__": {
          "excluded_lines": [],
          "executed_lines": [
            33
          ],
          "missing_lines": [],
          "start_line": 32,
          "summary": {
            "covered_lines": 1,
            "excluded_lines": 0,
            "missing_lines": 0,
            "num_statements": 1,
            "percent_covered": 100.0,
            "percent_covered_display": "100",
            "percent_statements_covered": 100.0,
            "percent_statements_covered_display": "100"
          }
        },
        "_get_requests_adapter": {
          "excluded_lines": [],
          "executed_lines": [],
          "missing_lines": [
            72
          ],
          "start_line": 70,
          "summary": {
            "covered_lines": 0,
            "excluded_lines": 0,
            "missing_lines": 1,
            "num_statements": 1,
            "percent_covered": 0.0,
            "percent_covered_display": "0",
            "percent_statements_covered": 0.0,
            "percent_statements_covered_display": "0"
          }
        },
        "_http_request": {
          "excluded_lines": [],
          "executed_lines": [
            185,
            187,
            188,
            189,
            190,
            191,
            192,
            193,
            194,
            195,
            196,
            199
          ],
          "missing_lines": [],
          "start_line": 172,
          "summary": {
            "covered_lines": 12,
            "excluded_lines": 0,
            "missing_lines": 0,
            "num_statements": 12,
            "percent_covered": 100.0,
            "percent_covered_display": "100",
            "percent_statements_covered": 100.0,
            "percent_statements_covered_display": "100"
          }
        },
        "_normalize_auth_for_provider": {
          "excluded_lines": [],
          "executed_lines": [
            137,
            138,
            140,
            143,
            145,
            146,
            147,
            148,
            150,
            154,
            155,
            156,
            158,
            159,
            161,
            162,
            163,
            164,
            165,
            166,
            167,
            169
          ],
          "missing_lines": [],
          "start_line": 135,
          "summary": {
            "covered_lines": 22,
            "excluded_lines": 0,
            "missing_lines": 0,
            "num_statements": 22,
            "percent_covered": 100.0,
            "percent_covered_display": "100",
            "percent_statements_covered": 100.0,
            "percent_statements_covered_display": "100"
          }
        },
        "add_bounce": {
          "excluded_lines": [],
          "executed_lines": [
            600,
            608,
            612,
            613,
            614,
            615,
            617,
            624,
            625
          ],
          "missing_lines": [
            601,
            626
          ],
          "start_line": 596,
          "summary": {
            "covered_lines": 9,
            "excluded_lines": 0,
            "missing_lines": 2,
            "num_statements": 11,
            "percent_covered": 81.81818181818181,
            "percent_covered_display": "82",
            "percent_statements_covered": 81.81818181818181,
            "percent_statements_covered_display": "82"
          }
        },
        "add_complaint": {
          "excluded_lines": [],
          "executed_lines": [
            711,
            719,
            723,
            730,
            731
          ],
          "missing_lines": [
            712,
            732
          ],
          "start_line": 709,
          "summary": {
            "covered_lines": 5,
            "excluded_lines": 0,
            "missing_lines": 2,
            "num_statements": 7,
            "percent_covered": 71.42857142857143,
            "percent_covered_display": "71",
            "percent_statements_covered": 71.42857142857143,
            "percent_statements_covered_display": "71"
          }
        },
        "add_unsubscribe": {
          "excluded_lines": [],
          "executed_lines": [
            819,
            827,
            829,
            836,
            837
          ],
          "missing_lines": [
            820,
            838
          ],
          "start_line": 815,
          "summary": {
            "covered_lines": 5,
            "excluded_lines": 0,
            "missing_lines": 2,
            "num_statements": 7,
            "percent_covered": 71.42857142857143,
            "percent_covered_display": "71",
            "percent_statements_covered": 71.42857142857143,
            "percent_statements_covered_display": "71"
          }
        },
        "create_domain": {
          "excluded_lines": [],
          "executed_lines": [
            353,
            361,
            366,
            367,
            368,
            369,
            370,
            371,
            372,
            373,
            375,
            382,
            383
          ],
          "missing_lines": [
            354,
            384
          ],
          "start_line": 344,
          "summary": {
            "covered_lines": 13,
            "excluded_lines": 0,
            "missing_lines": 2,
            "num_statements": 15,
            "percent_covered": 86.66666666666667,
            "percent_covered_display": "87",
            "percent_statements_covered": 86.66666666666667,
            "percent_statements_covered_display": "87"
          }
        },
        "create_route": {
          "excluded_lines": [],
          "executed_lines": [
            954,
            962,
            968,
            969,
            971,
            978,
            979
          ],
          "missing_lines": [
            955,
            980
          ],
          "start_line": 950,
          "summary": {
            "covered_lines": 7,
            "excluded_lines": 0,
            "missing_lines": 2,
            "num_statements": 9,
            "percent_covered": 77.77777777777777,
            "percent_covered_display": "78",
            "percent_statements_covered": 77.77777777777777,
            "percent_statements_covered_display": "78"
          }
        },
        "create_template": {
          "excluded_lines": [],
          "executed_lines": [
            1151,
            1159,
            1165,
            1166,
            1167,
            1168,
            1170,
            1177,
            1178
          ],
          "missing_lines": [
            1152,
            1179
          ],
          "start_line": 1143,
          "summary": {
            "covered_lines": 9,
            "excluded_lines": 0,
            "missing_lines": 2,
            "num_statements": 11,
            "percent_covered": 81.81818181818181,
            "percent_covered_display": "82",
            "percent_statements_covered": 81.81818181818181,
            "percent_statements_covered_display": "82"
          }
        },
        "create_webhook": {
          "excluded_lines": [],
          "executed_lines": [
            1345,
            1353,
            1355,
            1362,
            1363
          ],
          "missing_lines": [
            1346,
            1364
          ],
          "start_line": 1343,
          "summary": {
            "covered_lines": 5,
            "excluded_lines": 0,
            "missing_lines": 2,
            "num_statements": 7,
            "percent_covered": 71.42857142857143,
            "percent_covered_display": "71",
            "percent_statements_covered": 71.42857142857143,
            "percent_statements_covered_display": "71"
          }
        },
        "delete_bounce": {
          "excluded_lines": [],
          "executed_lines": [
            642,
            650,
            656,
            657
          ],
          "missing_lines": [
            643,
            658
          ],
          "start_line": 640,
          "summary": {
            "covered_lines": 4,
            "excluded_lines": 0,
            "missing_lines": 2,
            "num_statements": 6,
            "percent_covered": 66.66666666666667,
            "percent_covered_display": "67",
            "percent_statements_covered": 66.66666666666667,
            "percent_statements_covered_display": "67"
          }
        },
        "delete_complaint": {
          "excluded_lines": [],
          "executed_lines": [
            748,
            756,
            762,
            763
          ],
          "missing_lines": [
            749,
            764
          ],
          "start_line": 746,
          "summary": {
            "covered_lines": 4,
            "excluded_lines": 0,
            "missing_lines": 2,
            "num_statements": 6,
            "percent_covered": 66.66666666666667,
            "percent_covered_display": "67",
            "percent_statements_covered": 66.66666666666667,
            "percent_statements_covered_display": "67"
          }
        },
        "delete_domain": {
          "excluded_lines": [],
          "executed_lines": [
            398,
            399,
            406,
            412,
            413
          ],
          "missing_lines": [
            414
          ],
          "start_line": 396,
          "summary": {
            "covered_lines": 5,
            "excluded_lines": 0,
            "missing_lines": 1,
            "num_statements": 6,
            "percent_covered": 83.33333333333333,
            "percent_covered_display": "83",
            "percent_statements_covered": 83.33333333333333,
            "percent_statements_covered_display": "83"
          }
        },
        "delete_route": {
          "excluded_lines": [],
          "executed_lines": [
            1044,
            1052,
            1058,
            1059
          ],
          "missing_lines": [
            1045,
            1060
          ],
          "start_line": 1042,
          "summary": {
            "covered_lines": 4,
            "excluded_lines": 0,
            "missing_lines": 2,
            "num_statements": 6,
            "percent_covered": 66.66666666666667,
            "percent_covered_display": "67",
            "percent_statements_covered": 66.66666666666667,
            "percent_statements_covered_display": "67"
          }
        },
        "delete_template": {
          "excluded_lines": [],
          "executed_lines": [
            1251,
            1259,
            1265,
            1266
          ],
          "missing_lines": [
            1252,
            1267
          ],
          "start_line": 1249,
          "summary": {
            "covered_lines": 4,
            "excluded_lines": 0,
            "missing_lines": 2,
            "num_statements": 6,
            "percent_covered": 66.66666666666667,
            "percent_covered_display": "67",
            "percent_statements_covered": 66.66666666666667,
            "percent_statements_covered_display": "67"
          }
        },
        "delete_unsubscribe": {
          "excluded_lines": [],
          "executed_lines": [
            856,
            864,
            866,
            873,
            874
          ],
          "missing_lines": [
            857,
            875
          ],
          "start_line": 852,
          "summary": {
            "covered_lines": 5,
            "excluded_lines": 0,
            "missing_lines": 2,
            "num_statements": 7,
            "percent_covered": 71.42857142857143,
            "percent_covered_display": "71",
            "percent_statements_covered": 71.42857142857143,
            "percent_statements_covered_display": "71"
          }
        },
        "delete_webhook": {
          "excluded_lines": [],
          "executed_lines": [
            1380,
            1388,
            1394,
            1395
          ],
          "missing_lines": [
            1381,
            1396
          ],
          "start_line": 1378,
          "summary": {
            "covered_lines": 4,
            "excluded_lines": 0,
            "missing_lines": 2,
            "num_statements": 6,
            "percent_covered": 66.66666666666667,
            "percent_covered_display": "67",
            "percent_statements_covered": 66.66666666666667,
            "percent_statements_covered_display": "67"
          }
        },
        "get_bounces": {
          "excluded_lines": [],
          "executed_lines": [
            563,
            571,
            573,
            580,
            581
          ],
          "missing_lines": [
            564,
            582
          ],
          "start_line": 559,
          "summary": {
            "covered_lines": 5,
            "excluded_lines": 0,
            "missing_lines": 2,
            "num_statements": 7,
            "percent_covered": 71.42857142857143,
            "percent_covered_display": "71",
            "percent_statements_covered": 71.42857142857143,
            "percent_statements_covered_display": "71"
          }
        },
        "get_complaints": {
          "excluded_lines": [],
          "executed_lines": [
            676,
            677,
            684,
            686,
            693,
            694
          ],
          "missing_lines": [
            695
          ],
          "start_line": 672,
          "summary": {
            "covered_lines": 6,
            "excluded_lines": 0,
            "missing_lines": 1,
            "num_statements": 7,
            "percent_covered": 85.71428571428571,
            "percent_covered_display": "86",
            "percent_statements_covered": 85.71428571428571,
            "percent_statements_covered_display": "86"
          }
        },
        "get_domain": {
          "excluded_lines": [],
          "executed_lines": [
            314,
            315,
            322,
            328,
            329
          ],
          "missing_lines": [
            330
          ],
          "start_line": 312,
          "summary": {
            "covered_lines": 5,
            "excluded_lines": 0,
            "missing_lines": 1,
            "num_statements": 6,
            "percent_covered": 83.33333333333333,
            "percent_covered_display": "83",
            "percent_statements_covered": 83.33333333333333,
            "percent_statements_covered_display": "83"
          }
        },
        "get_domains": {
          "excluded_lines": [],
          "executed_lines": [
            279,
            280,
            287,
            289,
            296,
            297
          ],
          "missing_lines": [
            298
          ],
          "start_line": 277,
          "summary": {
            "covered_lines": 6,
            "excluded_lines": 0,
            "missing_lines": 1,
            "num_statements": 7,
            "percent_covered": 85.71428571428571,
            "percent_covered_display": "86",
            "percent_statements_covered": 85.71428571428571,
            "percent_statements_covered_display": "86"
          }
        },
        "get_events": {
          "excluded_lines": [],
          "executed_lines": [
            470,
            478,
            480,
            481,
            482,
            483,
            484,
            485,
            486,
            487,
            489,
            496,
            497
          ],
          "missing_lines": [
            471,
            498
          ],
          "start_line": 460,
          "summary": {
            "covered_lines": 13,
            "excluded_lines": 0,
            "missing_lines": 2,
            "num_statements": 15,
            "percent_covered": 86.66666666666667,
            "percent_covered_display": "87",
            "percent_statements_covered": 86.66666666666667,
            "percent_statements_covered_display": "87"
          }
        },
        "get_mailgun_api_key": {
          "excluded_lines": [],
          "executed_lines": [
            76
          ],
          "missing_lines": [],
          "start_line": 75,
          "summary": {
            "covered_lines": 1,
            "excluded_lines": 0,
            "missing_lines": 0,
            "num_statements": 1,
            "percent_covered": 100.0,
            "percent_covered_display": "100",
            "percent_statements_covered": 100.0,
            "percent_statements_covered_display": "100"
          }
        },
        "get_mailgun_domain": {
          "excluded_lines": [],
          "executed_lines": [
            80
          ],
          "missing_lines": [],
          "start_line": 79,
          "summary": {
            "covered_lines": 1,
            "excluded_lines": 0,
            "missing_lines": 0,
            "num_statements": 1,
            "percent_covered": 100.0,
            "percent_covered_display": "100",
            "percent_statements_covered": 100.0,
            "percent_statements_covered_display": "100"
          }
        },
        "get_masked_api_key": {
          "excluded_lines": [],
          "executed_lines": [],
          "missing_lines": [
            88,
            89,
            90,
            93,
            94,
            95
          ],
          "start_line": 83,
          "summary": {
            "covered_lines": 0,
            "excluded_lines": 0,
            "missing_lines": 6,
            "num_statements": 6,
            "percent_covered": 0.0,
            "percent_covered_display": "0",
            "percent_statements_covered": 0.0,
            "percent_statements_covered_display": "0"
          }
        },
        "get_route": {
          "excluded_lines": [],
          "executed_lines": [
            922,
            930,
            936,
            937
          ],
          "missing_lines": [
            923,
            938
          ],
          "start_line": 920,
          "summary": {
            "covered_lines": 4,
            "excluded_lines": 0,
            "missing_lines": 2,
            "num_statements": 6,
            "percent_covered": 66.66666666666667,
            "percent_covered_display": "67",
            "percent_statements_covered": 66.66666666666667,
            "percent_statements_covered_display": "67"
          }
        },
        "get_routes": {
          "excluded_lines": [],
          "executed_lines": [
            887,
            895,
            897,
            904,
            905
          ],
          "missing_lines": [
            888,
            906
          ],
          "start_line": 885,
          "summary": {
            "covered_lines": 5,
            "excluded_lines": 0,
            "missing_lines": 2,
            "num_statements": 7,
            "percent_covered": 71.42857142857143,
            "percent_covered_display": "71",
            "percent_statements_covered": 71.42857142857143,
            "percent_statements_covered_display": "71"
          }
        },
        "get_stats": {
          "excluded_lines": [],
          "executed_lines": [
            521,
            529,
            531,
            532,
            533,
            534,
            535,
            536,
            538,
            545,
            546
          ],
          "missing_lines": [
            522,
            547
          ],
          "start_line": 512,
          "summary": {
            "covered_lines": 11,
            "excluded_lines": 0,
            "missing_lines": 2,
            "num_statements": 13,
            "percent_covered": 84.61538461538461,
            "percent_covered_display": "85",
            "percent_statements_covered": 84.61538461538461,
            "percent_statements_covered_display": "85"
          }
        },
        "get_template": {
          "excluded_lines": [],
          "executed_lines": [
            1113,
            1121,
            1127,
            1128
          ],
          "missing_lines": [
            1114,
            1129
          ],
          "start_line": 1111,
          "summary": {
            "covered_lines": 4,
            "excluded_lines": 0,
            "missing_lines": 2,
            "num_statements": 6,
            "percent_covered": 66.66666666666667,
            "percent_covered_display": "67",
            "percent_statements_covered": 66.66666666666667,
            "percent_statements_covered_display": "67"
          }
        },
        "get_templates": {
          "excluded_lines": [],
          "executed_lines": [
            1078,
            1086,
            1088,
            1095,
            1096
          ],
          "missing_lines": [
            1079,
            1097
          ],
          "start_line": 1074,
          "summary": {
            "covered_lines": 5,
            "excluded_lines": 0,
            "missing_lines": 2,
            "num_statements": 7,
            "percent_covered": 71.42857142857143,
            "percent_covered_display": "71",
            "percent_statements_covered": 71.42857142857143,
            "percent_statements_covered_display": "71"
          }
        },
        "get_unsubscribes": {
          "excluded_lines": [],
          "executed_lines": [
            782,
            790,
            792,
            799,
            800
          ],
          "missing_lines": [
            783,
            801
          ],
          "start_line": 778,
          "summary": {
            "covered_lines": 5,
            "excluded_lines": 0,
            "missing_lines": 2,
            "num_statements": 7,
            "percent_covered": 71.42857142857143,
            "percent_covered_display": "71",
            "percent_statements_covered": 71.42857142857143,
            "percent_statements_covered_display": "71"
          }
        },
        "get_webhook": {
          "excluded_lines": [],
          "executed_lines": [
            1313,
            1321,
            1327,
            1328
          ],
          "missing_lines": [
            1314,
            1329
          ],
          "start_line": 1311,
          "summary": {
            "covered_lines": 4,
            "excluded_lines": 0,
            "missing_lines": 2,
            "num_statements": 6,
            "percent_covered": 66.66666666666667,
            "percent_covered_display": "67",
            "percent_statements_covered": 66.66666666666667,
            "percent_statements_covered_display": "67"
          }
        },
        "get_webhooks": {
          "excluded_lines": [],
          "executed_lines": [
            1281,
            1289,
            1295,
            1296
          ],
          "missing_lines": [
            1282,
            1297
          ],
          "start_line": 1279,
          "summary": {
            "covered_lines": 4,
            "excluded_lines": 0,
            "missing_lines": 2,
            "num_statements": 6,
            "percent_covered": 66.66666666666667,
            "percent_covered_display": "67",
            "percent_statements_covered": 66.66666666666667,
            "percent_statements_covered_display": "67"
          }
        },
        "send_message": {
          "excluded_lines": [],
          "executed_lines": [
            220,
            221,
            229,
            237,
            238,
            239,
            240,
            241,
            242,
            243,
            244,
            245,
            246,
            247,
            248,
            251,
            259,
            262,
            263
          ],
          "missing_lines": [],
          "start_line": 207,
          "summary": {
            "covered_lines": 19,
            "excluded_lines": 0,
            "missing_lines": 0,
            "num_statements": 19,
            "percent_covered": 100.0,
            "percent_covered_display": "100",
            "percent_statements_covered": 100.0,
            "percent_statements_covered_display": "100"
          }
        },
        "update_route": {
          "excluded_lines": [],
          "executed_lines": [
            1002,
            1010,
            1012,
            1013,
            1014,
            1015,
            1016,
            1017,
            1018,
            1019,
            1021,
            1028,
            1029
          ],
          "missing_lines": [
            1003,
            1030
          ],
          "start_line": 994,
          "summary": {
            "covered_lines": 13,
            "excluded_lines": 0,
            "missing_lines": 2,
            "num_statements": 15,
            "percent_covered": 86.66666666666667,
            "percent_covered_display": "87",
            "percent_statements_covered": 86.66666666666667,
            "percent_statements_covered_display": "87"
          }
        },
        "update_template": {
          "excluded_lines": [],
          "executed_lines": [
            1203,
            1211,
            1213,
            1214,
            1215,
            1216,
            1217,
            1218,
            1219,
            1220,
            1221,
            1222,
            1223,
            1224,
            1226,
            1233,
            1234
          ],
          "missing_lines": [
            1204,
            1235
          ],
          "start_line": 1193,
          "summary": {
            "covered_lines": 17,
            "excluded_lines": 0,
            "missing_lines": 2,
            "num_statements": 19,
            "percent_covered": 89.47368421052632,
            "percent_covered_display": "89",
            "percent_statements_covered": 89.47368421052632,
            "percent_statements_covered_display": "89"
          }
        },
        "validate_api_key_at_startup": {
          "excluded_lines": [],
          "executed_lines": [
            107,
            110,
            111,
            112,
            113,
            114,
            117,
            118,
            119,
            120
          ],
          "missing_lines": [],
          "start_line": 98,
          "summary": {
            "covered_lines": 10,
            "excluded_lines": 0,
            "missing_lines": 0,
            "num_statements": 10,
            "percent_covered": 100.0,
            "percent_covered_display": "100",
            "percent_statements_covered": 100.0,
            "percent_statements_covered_display": "100"
          }
        },
        "verify_domain": {
          "excluded_lines": [],
          "executed_lines": [
            430,
            431,
            438,
            444,
            445
          ],
          "missing_lines": [
            446
          ],
          "start_line": 428,
          "summary": {
            "covered_lines": 5,
            "excluded_lines": 0,
            "missing_lines": 1,
            "num_statements": 6,
            "percent_covered": 83.33333333333333,
            "percent_covered_display": "83",
            "percent_statements_covered": 83.33333333333333,
            "percent_statements_covered_display": "83"
          }
        }
      },
      "missing_lines": [
        26,
        30,
        44,
        45,
        72,
        88,
        89,
        90,
        93,
        94,
        95,
        126,
        298,
        330,
        354,
        384,
        414,
        446,
        471,
        498,
        522,
        547,
        564,
        582,
        601,
        626,
        643,
        658,
        695,
        712,
        732,
        749,
        764,
        783,
        801,
        820,
        838,
        857,
        875,
        888,
        906,
        923,
        938,
        955,
        980,
        1003,
        1030,
        1045,
        1060,
        1079,
        1097,
        1114,
        1129,
        1152,
        1179,
        1204,
        1235,
        1252,
        1267,
        1282,
        1297,
        1314,
        1329,
        1346,
        1364,
        1381,
        1396
      ],
      "summary": {
        "covered_lines": 367,
        "excluded_lines": 0,
        "missing_lines": 67,
        "num_statements": 434,
        "percent_covered": 84.56221198156682,
        "percent_covered_display": "85",
        "percent_statements_covered": 84.56221198156682,
        "percent_statements_covered_display": "85"
      }
    }
  },
  "meta": {
    "branch_coverage": false,
    "format": 3,
    "show_contexts": false,
    "timestamp": "2026-01-22T11:41:08.228040",
    "version": "7.13.1"
  },
  "totals": {
    "covered_lines": 402,
    "excluded_lines": 0,
    "missing_lines": 82,
    "num_statements": 484,
    "percent_covered": 83.05785123966942,
    "percent_covered_display": "83",
    "percent_statements_covered": 83.05785123966942,
    "percent_statements_covered_display": "83"
  }
}
